#
# There is insufficient memory for the Java Runtime Environment to continue.
# Native memory allocation (malloc) failed to allocate 131088 bytes for Chunk::new
# Possible reasons:
#   The system is out of physical RAM or swap space
#   The process is running with CompressedOops enabled, and the Java Heap may be blocking the growth of the native heap
# Possible solutions:
#   Reduce memory load on the system
#   Increase physical memory or swap space
#   Check if swap backing store is full
#   Decrease Java heap size (-Xmx/-Xms)
#   Decrease number of Java threads
#   Decrease Java thread stack sizes (-Xss)
#   Set larger code cache with -XX:ReservedCodeCacheSize=
#   JVM is running with Unscaled Compressed Oops mode in which the Java heap is
#     placed in the first 4GB address space. The Java Heap base address is the
#     maximum limit for the native heap growth. Please use -XX:HeapBaseMinAddress
#     to set the Java Heap base and to place the Java Heap above 4GB virtual address.
# This output file may be truncated or incomplete.
#
#  Out of Memory Error (allocation.cpp:389), pid=28992, tid=0x00000000000027e4
#
# JRE version: Java(TM) SE Runtime Environment (8.0_211-b12) (build 1.8.0_211-b12)
# Java VM: Java HotSpot(TM) 64-Bit Server VM (25.211-b12 mixed mode windows-amd64 compressed oops)
# Failed to write core dump. Minidumps are not enabled by default on client versions of Windows
#

---------------  T H R E A D  ---------------

Current thread (0x0000000017ab2000):  JavaThread "C2 CompilerThread2" daemon [_thread_in_native, id=10212, stack(0x0000000018240000,0x0000000018340000)]

Stack: [0x0000000018240000,0x0000000018340000]
[error occurred during error reporting (printing stack bounds), id 0xc0000005]

Native frames: (J=compiled Java code, j=interpreted, Vv=VM code, C=native code)


Current CompileTask:
C2:  19300 4015       4       org.springframework.beans.factory.support.AbstractBeanFactory::isTypeMatch (1380 bytes)


---------------  P R O C E S S  ---------------

Java Threads: ( => current thread )
  0x0000000019c21800 JavaThread "/127.0.0.1:65331 to /127.0.0.1:65329 workers Thread 3" [_thread_in_native, id=25708, stack(0x000000001bad0000,0x000000001bbd0000)]
  0x0000000019a6e800 JavaThread "/127.0.0.1:65331 to /127.0.0.1:65329 workers Thread 2" [_thread_blocked, id=17172, stack(0x000000001b8b0000,0x000000001b9b0000)]
  0x000000001a4f8000 JavaThread "Test worker" [_thread_in_native, id=22064, stack(0x000000001a5e0000,0x000000001a6e0000)]
  0x0000000017aca000 JavaThread "Service Thread" daemon [_thread_blocked, id=29352, stack(0x0000000018440000,0x0000000018540000)]
  0x0000000017ab4800 JavaThread "C1 CompilerThread3" daemon [_thread_blocked, id=31544, stack(0x0000000018340000,0x0000000018440000)]
=>0x0000000017ab2000 JavaThread "C2 CompilerThread2" daemon [_thread_in_native, id=10212, stack(0x0000000018240000,0x0000000018340000)]
  0x0000000017ab8000 JavaThread "C2 CompilerThread1" daemon [_thread_in_native, id=19640, stack(0x0000000018140000,0x0000000018240000)]
  0x0000000017ab7800 JavaThread "C2 CompilerThread0" daemon [_thread_in_native, id=12988, stack(0x0000000018040000,0x0000000018140000)]
  0x0000000016b5f800 JavaThread "Attach Listener" daemon [_thread_blocked, id=3196, stack(0x0000000017400000,0x0000000017500000)]
  0x0000000016b5d000 JavaThread "Signal Dispatcher" daemon [_thread_blocked, id=856, stack(0x0000000017300000,0x0000000017400000)]
  0x0000000016ae1800 JavaThread "Finalizer" daemon [_thread_blocked, id=30480, stack(0x0000000016fc0000,0x00000000170c0000)]
  0x0000000016ae0800 JavaThread "Reference Handler" daemon [_thread_blocked, id=2236, stack(0x0000000016ec0000,0x0000000016fc0000)]
  0x0000000003383000 JavaThread "main" [_thread_blocked, id=4300, stack(0x0000000003030000,0x0000000003130000)]

Other Threads:
  0x0000000014ce9800 VMThread [stack: 0x00000000169c0000,0x0000000016ac0000] [id=23792]
  0x0000000017bf6800 WatcherThread [stack: 0x0000000018540000,0x0000000018640000] [id=9464]

VM state:not at safepoint (normal execution)

VM Mutex/Monitor currently owned by a thread: None

heap address: 0x00000000e0000000, size: 512 MB, Compressed Oops mode: 32-bit
Narrow klass base: 0x0000000000000000, Narrow klass shift: 3
Compressed class space size: 1073741824 Address: 0x0000000100000000

Heap:
 PSYoungGen      total 114688K, used 58575K [0x00000000f5580000, 0x00000000fe180000, 0x0000000100000000)
  eden space 110592K, 49% used [0x00000000f5580000,0x00000000f8ab41c0,0x00000000fc180000)
  from space 4096K, 99% used [0x00000000fc180000,0x00000000fc57fe20,0x00000000fc580000)
  to   space 4608K, 0% used [0x00000000fdd00000,0x00000000fdd00000,0x00000000fe180000)
 ParOldGen       total 30720K, used 10543K [0x00000000e0000000, 0x00000000e1e00000, 0x00000000f5580000)
  object space 30720K, 34% used [0x00000000e0000000,0x00000000e0a4be90,0x00000000e1e00000)
 Metaspace       used 39376K, capacity 41240K, committed 41384K, reserved 1085440K
  class space    used 5091K, capacity 5457K, committed 5544K, reserved 1048576K

Card table byte_map: [0x0000000012840000,0x0000000012950000] byte_map_base: 0x0000000012140000

Marking Bits: (ParMarkBitMap*) 0x0000000074b15ce0
 Begin Bits: [0x0000000013200000, 0x0000000013a00000)
 End Bits:   [0x0000000013a00000, 0x0000000014200000)

Polling page: 0x0000000001820000

CodeCache: size=245760Kb used=13332Kb max_used=13332Kb free=232427Kb
 bounds [0x0000000003480000, 0x00000000041a0000, 0x0000000012480000]
 total_blobs=3985 nmethods=3558 adapters=339
 compilation: enabled

Compilation events (10 events):
Event: 19.258 Thread 0x0000000017ab4800 nmethod 4059 0x0000000004181010 code [0x00000000041811e0, 0x0000000004181bb8]
Event: 19.258 Thread 0x0000000017ab4800 4061       3       org.springframework.beans.factory.annotation.InjectionMetadata::$jacocoInit (52 bytes)
Event: 19.259 Thread 0x0000000017ab4800 nmethod 4061 0x000000000418b810 code [0x000000000418b9e0, 0x000000000418c258]
Event: 19.259 Thread 0x0000000017ab7800 4062       4       sun.misc.Launcher$AppClassLoader::loadClass (85 bytes)
Event: 19.269 Thread 0x0000000017ab7800 nmethod 4062 0x000000000418f510 code [0x000000000418f660, 0x000000000418faa8]
Event: 19.271 Thread 0x0000000017ab7800 4063       4       org.jacoco.agent.rt.internal_f3994fa.CoverageTransformer::filter (87 bytes)
Event: 19.290 Thread 0x0000000017ab4800 4065       3       org.springframework.boot.context.properties.source.DefaultPropertyMapper::map (94 bytes)
Event: 19.291 Thread 0x0000000017ab4800 nmethod 4065 0x000000000418e410 code [0x000000000418e620, 0x000000000418ee78]
Event: 19.291 Thread 0x0000000017ab4800 4066   !   3       org.springframework.boot.context.properties.source.DefaultPropertyMapper::tryMap (53 bytes)
Event: 19.292 Thread 0x0000000017ab4800 nmethod 4066 0x000000000418d290 code [0x000000000418d480, 0x000000000418db48]

GC Heap History (10 events):
Event: 14.447 GC heap before
{Heap before GC invocations=19 (full 1):
 PSYoungGen      total 67072K, used 65572K [0x00000000f5580000, 0x00000000faf80000, 0x0000000100000000)
  eden space 62976K, 100% used [0x00000000f5580000,0x00000000f9300000,0x00000000f9300000)
  from space 4096K, 63% used [0x00000000f9300000,0x00000000f95892e0,0x00000000f9700000)
  to   space 4608K, 0% used [0x00000000fab00000,0x00000000fab00000,0x00000000faf80000)
 ParOldGen       total 30720K, used 8845K [0x00000000e0000000, 0x00000000e1e00000, 0x00000000f5580000)
  object space 30720K, 28% used [0x00000000e0000000,0x00000000e08a3408,0x00000000e1e00000)
 Metaspace       used 30314K, capacity 31972K, committed 32128K, reserved 1077248K
  class space    used 3773K, capacity 4137K, committed 4224K, reserved 1048576K
Event: 14.509 GC heap after
Heap after GC invocations=19 (full 1):
 PSYoungGen      total 87552K, used 1849K [0x00000000f5580000, 0x00000000fb080000, 0x0000000100000000)
  eden space 82944K, 0% used [0x00000000f5580000,0x00000000f5580000,0x00000000fa680000)
  from space 4608K, 40% used [0x00000000fab00000,0x00000000facce758,0x00000000faf80000)
  to   space 4608K, 0% used [0x00000000fa680000,0x00000000fa680000,0x00000000fab00000)
 ParOldGen       total 30720K, used 9661K [0x00000000e0000000, 0x00000000e1e00000, 0x00000000f5580000)
  object space 30720K, 31% used [0x00000000e0000000,0x00000000e096f5b8,0x00000000e1e00000)
 Metaspace       used 30314K, capacity 31972K, committed 32128K, reserved 1077248K
  class space    used 3773K, capacity 4137K, committed 4224K, reserved 1048576K
}
Event: 15.323 GC heap before
{Heap before GC invocations=20 (full 1):
 PSYoungGen      total 87552K, used 84793K [0x00000000f5580000, 0x00000000fb080000, 0x0000000100000000)
  eden space 82944K, 100% used [0x00000000f5580000,0x00000000fa680000,0x00000000fa680000)
  from space 4608K, 40% used [0x00000000fab00000,0x00000000facce758,0x00000000faf80000)
  to   space 4608K, 0% used [0x00000000fa680000,0x00000000fa680000,0x00000000fab00000)
 ParOldGen       total 30720K, used 9661K [0x00000000e0000000, 0x00000000e1e00000, 0x00000000f5580000)
  object space 30720K, 31% used [0x00000000e0000000,0x00000000e096f5b8,0x00000000e1e00000)
 Metaspace       used 32573K, capacity 34302K, committed 34432K, reserved 1079296K
  class space    used 4012K, capacity 4370K, committed 4480K, reserved 1048576K
Event: 15.352 GC heap after
Heap after GC invocations=20 (full 1):
 PSYoungGen      total 87552K, used 2496K [0x00000000f5580000, 0x00000000fc980000, 0x0000000100000000)
  eden space 82944K, 0% used [0x00000000f5580000,0x00000000f5580000,0x00000000fa680000)
  from space 4608K, 54% used [0x00000000fa680000,0x00000000fa8f0040,0x00000000fab00000)
  to   space 4096K, 0% used [0x00000000fc580000,0x00000000fc580000,0x00000000fc980000)
 ParOldGen       total 30720K, used 9969K [0x00000000e0000000, 0x00000000e1e00000, 0x00000000f5580000)
  object space 30720K, 32% used [0x00000000e0000000,0x00000000e09bc5c8,0x00000000e1e00000)
 Metaspace       used 32573K, capacity 34302K, committed 34432K, reserved 1079296K
  class space    used 4012K, capacity 4370K, committed 4480K, reserved 1048576K
}
Event: 15.753 GC heap before
{Heap before GC invocations=21 (full 1):
 PSYoungGen      total 87552K, used 49725K [0x00000000f5580000, 0x00000000fc980000, 0x0000000100000000)
  eden space 82944K, 56% used [0x00000000f5580000,0x00000000f839f630,0x00000000fa680000)
  from space 4608K, 54% used [0x00000000fa680000,0x00000000fa8f0040,0x00000000fab00000)
  to   space 4096K, 0% used [0x00000000fc580000,0x00000000fc580000,0x00000000fc980000)
 ParOldGen       total 30720K, used 9969K [0x00000000e0000000, 0x00000000e1e00000, 0x00000000f5580000)
  object space 30720K, 32% used [0x00000000e0000000,0x00000000e09bc5c8,0x00000000e1e00000)
 Metaspace       used 33799K, capacity 35454K, committed 35496K, reserved 1081344K
  class space    used 4156K, capacity 4498K, committed 4520K, reserved 1048576K
Event: 15.770 GC heap after
Heap after GC invocations=21 (full 1):
 PSYoungGen      total 114688K, used 1513K [0x00000000f5580000, 0x00000000fc980000, 0x0000000100000000)
  eden space 110592K, 0% used [0x00000000f5580000,0x00000000f5580000,0x00000000fc180000)
  from space 4096K, 36% used [0x00000000fc580000,0x00000000fc6fa460,0x00000000fc980000)
  to   space 4096K, 0% used [0x00000000fc180000,0x00000000fc180000,0x00000000fc580000)
 ParOldGen       total 30720K, used 10513K [0x00000000e0000000, 0x00000000e1e00000, 0x00000000f5580000)
  object space 30720K, 34% used [0x00000000e0000000,0x00000000e0a445c8,0x00000000e1e00000)
 Metaspace       used 33799K, capacity 35454K, committed 35496K, reserved 1081344K
  class space    used 4156K, capacity 4498K, committed 4520K, reserved 1048576K
}
Event: 15.770 GC heap before
{Heap before GC invocations=22 (full 2):
 PSYoungGen      total 114688K, used 1513K [0x00000000f5580000, 0x00000000fc980000, 0x0000000100000000)
  eden space 110592K, 0% used [0x00000000f5580000,0x00000000f5580000,0x00000000fc180000)
  from space 4096K, 36% used [0x00000000fc580000,0x00000000fc6fa460,0x00000000fc980000)
  to   space 4096K, 0% used [0x00000000fc180000,0x00000000fc180000,0x00000000fc580000)
 ParOldGen       total 30720K, used 10513K [0x00000000e0000000, 0x00000000e1e00000, 0x00000000f5580000)
  object space 30720K, 34% used [0x00000000e0000000,0x00000000e0a445c8,0x00000000e1e00000)
 Metaspace       used 33799K, capacity 35454K, committed 35496K, reserved 1081344K
  class space    used 4156K, capacity 4498K, committed 4520K, reserved 1048576K
Event: 16.024 GC heap after
Heap after GC invocations=22 (full 2):
 PSYoungGen      total 114688K, used 0K [0x00000000f5580000, 0x00000000fc980000, 0x0000000100000000)
  eden space 110592K, 0% used [0x00000000f5580000,0x00000000f5580000,0x00000000fc180000)
  from space 4096K, 0% used [0x00000000fc580000,0x00000000fc580000,0x00000000fc980000)
  to   space 4096K, 0% used [0x00000000fc180000,0x00000000fc180000,0x00000000fc580000)
 ParOldGen       total 30720K, used 10300K [0x00000000e0000000, 0x00000000e1e00000, 0x00000000f5580000)
  object space 30720K, 33% used [0x00000000e0000000,0x00000000e0a0f020,0x00000000e1e00000)
 Metaspace       used 33799K, capacity 35454K, committed 35496K, reserved 1081344K
  class space    used 4156K, capacity 4498K, committed 4520K, reserved 1048576K
}
Event: 17.872 GC heap before
{Heap before GC invocations=23 (full 2):
 PSYoungGen      total 114688K, used 110592K [0x00000000f5580000, 0x00000000fc980000, 0x0000000100000000)
  eden space 110592K, 100% used [0x00000000f5580000,0x00000000fc180000,0x00000000fc180000)
  from space 4096K, 0% used [0x00000000fc580000,0x00000000fc580000,0x00000000fc980000)
  to   space 4096K, 0% used [0x00000000fc180000,0x00000000fc180000,0x00000000fc580000)
 ParOldGen       total 30720K, used 10300K [0x00000000e0000000, 0x00000000e1e00000, 0x00000000f5580000)
  object space 30720K, 33% used [0x00000000e0000000,0x00000000e0a0f020,0x00000000e1e00000)
 Metaspace       used 37580K, capacity 39362K, committed 39592K, reserved 1083392K
  class space    used 4830K, capacity 5202K, committed 5288K, reserved 1048576K
Event: 17.885 GC heap after
Heap after GC invocations=23 (full 2):
 PSYoungGen      total 114688K, used 4095K [0x00000000f5580000, 0x00000000fe180000, 0x0000000100000000)
  eden space 110592K, 0% used [0x00000000f5580000,0x00000000f5580000,0x00000000fc180000)
  from space 4096K, 99% used [0x00000000fc180000,0x00000000fc57fe20,0x00000000fc580000)
  to   space 4608K, 0% used [0x00000000fdd00000,0x00000000fdd00000,0x00000000fe180000)
 ParOldGen       total 30720K, used 10543K [0x00000000e0000000, 0x00000000e1e00000, 0x00000000f5580000)
  object space 30720K, 34% used [0x00000000e0000000,0x00000000e0a4be90,0x00000000e1e00000)
 Metaspace       used 37580K, capacity 39362K, committed 39592K, reserved 1083392K
  class space    used 4830K, capacity 5202K, committed 5288K, reserved 1048576K
}

Deoptimization events (10 events):
Event: 16.062 Thread 0x000000001a4f8000 Uncommon trap: reason=array_check action=maybe_recompile pc=0x00000000040159c0 method=java.util.AbstractCollection.toArray([Ljava/lang/Object;)[Ljava/lang/Object; @ 119
Event: 16.062 Thread 0x000000001a4f8000 Uncommon trap: reason=array_check action=maybe_recompile pc=0x00000000040159c0 method=java.util.AbstractCollection.toArray([Ljava/lang/Object;)[Ljava/lang/Object; @ 119
Event: 16.068 Thread 0x000000001a4f8000 Uncommon trap: reason=array_check action=maybe_recompile pc=0x00000000040159c0 method=java.util.AbstractCollection.toArray([Ljava/lang/Object;)[Ljava/lang/Object; @ 119
Event: 16.110 Thread 0x00000000195ae800 Uncommon trap: reason=array_check action=maybe_recompile pc=0x00000000040159c0 method=java.util.AbstractCollection.toArray([Ljava/lang/Object;)[Ljava/lang/Object; @ 119
Event: 18.581 Thread 0x000000001a4f8000 Uncommon trap: reason=unstable_if action=reinterpret pc=0x0000000003fd40a0 method=org.jacoco.agent.rt.internal_f3994fa.asm.ClassReader.accept(Lorg/jacoco/agent/rt/internal_f3994fa/asm/ClassVisitor;[Lorg/jacoco/agent/rt/internal_f3994fa/asm/Attribute;I)V @
Event: 18.582 Thread 0x000000001a4f8000 Uncommon trap: reason=unstable_if action=reinterpret pc=0x0000000003676394 method=org.jacoco.agent.rt.internal_f3994fa.asm.ClassWriter.toByteArray()[B @ 209
Event: 18.716 Thread 0x000000001a4f8000 Uncommon trap: reason=null_check action=maybe_recompile pc=0x0000000004074ff0 method=org.jacoco.agent.rt.internal_f3994fa.CoverageTransformer.filter(Ljava/lang/ClassLoader;Ljava/lang/String;Ljava/security/ProtectionDomain;)Z @ 53
Event: 18.778 Thread 0x000000001a4f8000 Uncommon trap: reason=null_check action=maybe_recompile pc=0x0000000004074ff0 method=org.jacoco.agent.rt.internal_f3994fa.CoverageTransformer.filter(Ljava/lang/ClassLoader;Ljava/lang/String;Ljava/security/ProtectionDomain;)Z @ 53
Event: 18.814 Thread 0x000000001a4f8000 Uncommon trap: reason=null_check action=maybe_recompile pc=0x0000000004074ff0 method=org.jacoco.agent.rt.internal_f3994fa.CoverageTransformer.filter(Ljava/lang/ClassLoader;Ljava/lang/String;Ljava/security/ProtectionDomain;)Z @ 53
Event: 18.815 Thread 0x000000001a4f8000 Uncommon trap: reason=null_check action=maybe_recompile pc=0x0000000004069b74 method=org.jacoco.agent.rt.internal_f3994fa.CoverageTransformer.filter(Ljava/lang/ClassLoader;Ljava/lang/String;Ljava/security/ProtectionDomain;)Z @ 53

Classes redefined (0 events):
No events

Internal exceptions (10 events):
Event: 19.221 Thread 0x000000001a4f8000 Exception <a 'java/lang/ClassNotFoundException': java/lang/ObjectCustomizer> (0x00000000f8702a90) thrown at [C:\re\workspace\8-2-build-windows-amd64-cygwin\jdk8u211\12973\hotspot\src\share\vm\classfile\systemDictionary.cpp, line 210]
Event: 19.223 Thread 0x000000001a4f8000 Exception <a 'java/lang/ClassNotFoundException': com/petclinic/customers/presentationlayer/PetTypesResourceCustomizer> (0x00000000f8731518) thrown at [C:\re\workspace\8-2-build-windows-amd64-cygwin\jdk8u211\12973\hotspot\src\share\vm\classfile\systemDicti
Event: 19.227 Thread 0x000000001a4f8000 Exception <a 'java/lang/ClassNotFoundException': java/lang/ObjectCustomizer> (0x00000000f8748880) thrown at [C:\re\workspace\8-2-build-windows-amd64-cygwin\jdk8u211\12973\hotspot\src\share\vm\classfile\systemDictionary.cpp, line 210]
Event: 19.230 Thread 0x000000001a4f8000 Exception <a 'java/lang/ClassNotFoundException': org/springframework/boot/autoconfigure/AutoConfigurationPackages$BasePackagesCustomizer> (0x00000000f877ec70) thrown at [C:\re\workspace\8-2-build-windows-amd64-cygwin\jdk8u211\12973\hotspot\src\share\vm\cl
Event: 19.233 Thread 0x000000001a4f8000 Exception <a 'java/lang/ClassNotFoundException': java/lang/ObjectCustomizer> (0x00000000f8790e30) thrown at [C:\re\workspace\8-2-build-windows-amd64-cygwin\jdk8u211\12973\hotspot\src\share\vm\classfile\systemDictionary.cpp, line 210]
Event: 19.236 Thread 0x000000001a4f8000 Exception <a 'java/lang/ClassNotFoundException': org/springframework/boot/autoconfigure/task/TaskExecutionAutoConfigurationCustomizer> (0x00000000f87c6030) thrown at [C:\re\workspace\8-2-build-windows-amd64-cygwin\jdk8u211\12973\hotspot\src\share\vm\class
Event: 19.244 Thread 0x000000001a4f8000 Exception <a 'java/lang/ClassNotFoundException': java/lang/ObjectCustomizer> (0x00000000f87ff988) thrown at [C:\re\workspace\8-2-build-windows-amd64-cygwin\jdk8u211\12973\hotspot\src\share\vm\classfile\systemDictionary.cpp, line 210]
Event: 19.247 Thread 0x000000001a4f8000 Exception <a 'java/lang/ClassNotFoundException': org/springframework/boot/autoconfigure/task/TaskExecutionPropertiesCustomizer> (0x00000000f88327e8) thrown at [C:\re\workspace\8-2-build-windows-amd64-cygwin\jdk8u211\12973\hotspot\src\share\vm\classfile\sy
Event: 19.257 Thread 0x000000001a4f8000 Exception <a 'java/lang/ClassNotFoundException': java/lang/ObjectCustomizer> (0x00000000f887c210) thrown at [C:\re\workspace\8-2-build-windows-amd64-cygwin\jdk8u211\12973\hotspot\src\share\vm\classfile\systemDictionary.cpp, line 210]
Event: 19.260 Thread 0x000000001a4f8000 Exception <a 'java/lang/ClassNotFoundException': org/springframework/boot/context/properties/BoundConfigurationPropertiesCustomizer> (0x00000000f88b0300) thrown at [C:\re\workspace\8-2-build-windows-amd64-cygwin\jdk8u211\12973\hotspot\src\share\vm\classfi

Events (10 events):
Event: 19.279 loading class org/springframework/boot/context/properties/ConversionServiceDeducer$Factory
Event: 19.279 loading class org/springframework/boot/context/properties/ConversionServiceDeducer$Factory done
Event: 19.281 loading class org/springframework/beans/factory/annotation/BeanFactoryAnnotationUtils
Event: 19.281 loading class org/springframework/beans/factory/annotation/BeanFactoryAnnotationUtils done
Event: 19.288 loading class org/springframework/beans/PropertyEditorRegistry
Event: 19.288 loading class org/springframework/beans/PropertyEditorRegistry done
Event: 19.288 loading class org/springframework/beans/PropertyEditorRegistry
Event: 19.288 loading class org/springframework/beans/PropertyEditorRegistry done
Event: 19.288 loading class org/springframework/beans/factory/config/ConfigurableListableBeanFactory
Event: 19.288 loading class org/springframework/beans/factory/config/ConfigurableListableBeanFactory done


Dynamic libraries:
0x00007ff68b740000 - 0x00007ff68b777000 	C:\Program Files\Java\jdk1.8.0_211\bin\java.exe
0x00007ffe47890000 - 0x00007ffe47a85000 	C:\WINDOWS\SYSTEM32\ntdll.dll
0x00007ffe46510000 - 0x00007ffe465ce000 	C:\WINDOWS\System32\KERNEL32.DLL
0x00007ffe451f0000 - 0x00007ffe454b9000 	C:\WINDOWS\System32\KERNELBASE.dll
0x00007ffe46460000 - 0x00007ffe4650c000 	C:\WINDOWS\System32\ADVAPI32.dll
0x00007ffe46330000 - 0x00007ffe463ce000 	C:\WINDOWS\System32\msvcrt.dll
0x00007ffe466b0000 - 0x00007ffe4674b000 	C:\WINDOWS\System32\sechost.dll
0x00007ffe47310000 - 0x00007ffe4743a000 	C:\WINDOWS\System32\RPCRT4.dll
0x00007ffe45a10000 - 0x00007ffe45bb1000 	C:\WINDOWS\System32\USER32.dll
0x00007ffe45800000 - 0x00007ffe45822000 	C:\WINDOWS\System32\win32u.dll
0x00007ffe474c0000 - 0x00007ffe474eb000 	C:\WINDOWS\System32\GDI32.dll
0x00007ffe44fb0000 - 0x00007ffe450bb000 	C:\WINDOWS\System32\gdi32full.dll
0x00007ffe45150000 - 0x00007ffe451ed000 	C:\WINDOWS\System32\msvcp_win.dll
0x00007ffe45650000 - 0x00007ffe45750000 	C:\WINDOWS\System32\ucrtbase.dll
0x00007ffe22da0000 - 0x00007ffe2303a000 	C:\WINDOWS\WinSxS\amd64_microsoft.windows.common-controls_6595b64144ccf1df_6.0.19041.1110_none_60b5254171f9507e\COMCTL32.dll
0x00007ffe46430000 - 0x00007ffe46460000 	C:\WINDOWS\System32\IMM32.DLL
0x0000000074ba0000 - 0x0000000074c72000 	C:\Program Files\Java\jdk1.8.0_211\jre\bin\msvcr100.dll
0x00000000742f0000 - 0x0000000074b95000 	C:\Program Files\Java\jdk1.8.0_211\jre\bin\server\jvm.dll
0x00007ffe46bc0000 - 0x00007ffe46bc8000 	C:\WINDOWS\System32\PSAPI.DLL
0x00007ffe2edc0000 - 0x00007ffe2edc9000 	C:\WINDOWS\SYSTEM32\WSOCK32.dll
0x00007ffe32f80000 - 0x00007ffe32f8a000 	C:\WINDOWS\SYSTEM32\VERSION.dll
0x00007ffe47450000 - 0x00007ffe474bb000 	C:\WINDOWS\System32\WS2_32.dll
0x00007ffe42400000 - 0x00007ffe42427000 	C:\WINDOWS\SYSTEM32\WINMM.dll
0x00007ffe41e50000 - 0x00007ffe41e5f000 	C:\Program Files\Java\jdk1.8.0_211\jre\bin\verify.dll
0x00007ffe20be0000 - 0x00007ffe20c09000 	C:\Program Files\Java\jdk1.8.0_211\jre\bin\java.dll
0x00007ffe05cb0000 - 0x00007ffe05cd3000 	C:\Program Files\Java\jdk1.8.0_211\jre\bin\instrument.dll
0x00007ffe20b30000 - 0x00007ffe20b46000 	C:\Program Files\Java\jdk1.8.0_211\jre\bin\zip.dll
0x00007ffe46bd0000 - 0x00007ffe4730f000 	C:\WINDOWS\System32\SHELL32.dll
0x00007ffe42ca0000 - 0x00007ffe43430000 	C:\WINDOWS\SYSTEM32\windows.storage.dll
0x00007ffe474f0000 - 0x00007ffe47845000 	C:\WINDOWS\System32\combase.dll
0x00007ffe44980000 - 0x00007ffe449ac000 	C:\WINDOWS\SYSTEM32\Wldp.dll
0x00007ffe45cb0000 - 0x00007ffe45d5d000 	C:\WINDOWS\System32\SHCORE.dll
0x00007ffe45c50000 - 0x00007ffe45ca5000 	C:\WINDOWS\System32\shlwapi.dll
0x00007ffe44ef0000 - 0x00007ffe44f0f000 	C:\WINDOWS\SYSTEM32\profapi.dll
0x00007ffe20b10000 - 0x00007ffe20b2a000 	C:\Program Files\Java\jdk1.8.0_211\jre\bin\net.dll
0x00007ffe2f570000 - 0x00007ffe2f75b000 	C:\WINDOWS\SYSTEM32\urlmon.dll
0x00007ffe444f0000 - 0x00007ffe444fc000 	C:\WINDOWS\SYSTEM32\netutils.dll
0x00007ffe2f2c0000 - 0x00007ffe2f570000 	C:\WINDOWS\SYSTEM32\iertutil.dll
0x00007ffe2f290000 - 0x00007ffe2f2b8000 	C:\WINDOWS\SYSTEM32\srvcli.dll
0x00007ffe446f0000 - 0x00007ffe4475a000 	C:\WINDOWS\system32\mswsock.dll
0x00007ffe07fb0000 - 0x00007ffe07fc7000 	C:\WINDOWS\system32\napinsp.dll
0x00007ffe07f90000 - 0x00007ffe07fab000 	C:\WINDOWS\system32\pnrpnsp.dll
0x00007ffe3f5e0000 - 0x00007ffe3f5f5000 	C:\WINDOWS\system32\wshbth.dll
0x00007ffe3fc60000 - 0x00007ffe3fc7d000 	C:\WINDOWS\system32\NLAapi.dll
0x00007ffe443e0000 - 0x00007ffe4441b000 	C:\WINDOWS\SYSTEM32\IPHLPAPI.DLL
0x00007ffe44420000 - 0x00007ffe444ec000 	C:\WINDOWS\SYSTEM32\DNSAPI.dll
0x00007ffe47440000 - 0x00007ffe47448000 	C:\WINDOWS\System32\NSI.dll
0x00007ffe07f70000 - 0x00007ffe07f82000 	C:\WINDOWS\System32\winrnr.dll
0x00007ffe36330000 - 0x00007ffe3633a000 	C:\Windows\System32\rasadhlp.dll
0x00007ffe31a60000 - 0x00007ffe31adf000 	C:\WINDOWS\System32\fwpuclnt.dll
0x00007ffe454c0000 - 0x00007ffe454e7000 	C:\WINDOWS\System32\bcrypt.dll
0x00007ffe1fca0000 - 0x00007ffe1fcb2000 	C:\Program Files\Java\jdk1.8.0_211\jre\bin\nio.dll
0x00007ffe448e0000 - 0x00007ffe448f8000 	C:\WINDOWS\SYSTEM32\CRYPTSP.dll
0x00007ffe43ff0000 - 0x00007ffe44024000 	C:\WINDOWS\system32\rsaenh.dll
0x00007ffe44eb0000 - 0x00007ffe44ede000 	C:\WINDOWS\SYSTEM32\USERENV.dll
0x00007ffe450c0000 - 0x00007ffe45143000 	C:\WINDOWS\System32\bcryptprimitives.dll
0x00007ffe44a20000 - 0x00007ffe44a2c000 	C:\WINDOWS\SYSTEM32\CRYPTBASE.dll
0x00007ffe391c0000 - 0x00007ffe391d7000 	C:\WINDOWS\SYSTEM32\dhcpcsvc6.DLL
0x00007ffe37ac0000 - 0x00007ffe37add000 	C:\WINDOWS\SYSTEM32\dhcpcsvc.DLL
0x00007ffe22460000 - 0x00007ffe2246d000 	C:\Program Files\Java\jdk1.8.0_211\jre\bin\management.dll

VM Arguments:
jvm_args: -Djava.security.manager=worker.org.gradle.process.internal.worker.child.BootstrapSecurityManager -Dorg.gradle.native=false -javaagent:build/tmp/expandedArchives/org.jacoco.agent-0.8.6.jar_a26f6511a7813217be4cd6439d66563b/jacocoagent.jar=destfile=build/jacoco/test.exec,append=true,inclnolocationclasses=false,dumponexit=true,output=file,jmx=false -Xmx512m -Dfile.encoding=windows-1252 -Duser.country=CA -Duser.language=en -Duser.variant -ea 
java_command: worker.org.gradle.process.internal.worker.GradleWorkerMain 'Gradle Test Executor 5'
java_class_path (initial): C:\Users\crx62\.gradle\caches\6.9\workerMain\gradle-worker.jar;build/tmp/expandedArchives/org.jacoco.agent-0.8.6.jar_a26f6511a7813217be4cd6439d66563b/jacocoagent.jar
Launcher Type: SUN_STANDARD

Environment Variables:
JAVA_HOME=C:\Program Files\Java\jdk1.8.0_211
CLASSPATH=.;
PATH=C:\Program Files (x86)\Common Files\Oracle\Java\javapath;C:\Program Files (x86)\Intel\Intel(R) Management Engine Components\iCLS\;C:\Program Files\Intel\Intel(R) Management Engine Components\iCLS\;C:\WINDOWS\system32;C:\WINDOWS;C:\WINDOWS\System32\Wbem;C:\WINDOWS\System32\WindowsPowerShell\v1.0\;C:\WINDOWS\System32\OpenSSH\;C:\Program Files (x86)\Intel\Intel(R) Management Engine Components\DAL;C:\Program Files\Intel\Intel(R) Management Engine Components\DAL;C:\Program Files\Microsoft SQL Server\Client SDK\ODBC\170\Tools\Binn\;C:\Program Files (x86)\Microsoft SQL Server\150\Tools\Binn\;C:\Program Files\Microsoft SQL Server\150\Tools\Binn\;C:\Program Files\Microsoft SQL Server\150\DTS\Binn\;C:\Program Files (x86)\Microsoft SQL Server\150\DTS\Binn\;C:\Program Files\Azure Data Studio\bin;C:\Program Files\dotnet\;C:\Program Files\Git\cmd;C:\ProgramData\chocolatey\bin;C:\Program Files\Java\jdk1.8.0_211\bin;C:\ProgramData\chocolatey\lib\spring-boot-cli\spring-2.2.4.RELEASE\bin;C:\Program Files\Microsoft SQL Server\130\Tools\Binn\;C:\Program Files\Docker\Docker\resources\bin;C:\ProgramData\DockerDesktop\version-bin;C:\Program Files\PuTTY\;C:\Program Files (x86)\dotnet\;C:\Users\crx62\AppData\Local\Microsoft\WindowsApps;C:\Program Files\Azure Data Studio\bin;C:\Users\crx62\.dotnet\tools;C:\ProgramData\chocolatey\lib\spring-boot-cli\spring-2.2.4.RELEASE\bin;C:\Program Files\Java\jdk1.8.0_211\bin;;C:\Program Files\JetBrains\PyCharm 2021.2.1\bin;
USERNAME=crx62
OS=Windows_NT
PROCESSOR_IDENTIFIER=Intel64 Family 6 Model 142 Stepping 10, GenuineIntel



---------------  S Y S T E M  ---------------

OS: Windows 10.0 , 64 bit Build 19041 (10.0.19041.1202)

CPU:total 8 (initial active 8) (4 cores per cpu, 2 threads per core) family 6 model 142 stepping 10, cmov, cx8, fxsr, mmx, sse, sse2, sse3, ssse3, sse4.1, sse4.2, popcnt, avx, avx2, aes, clmul, erms, 3dnowpref, lzcnt, ht, tsc, tscinvbit, bmi1, bmi2, adx

Memory: 4k page, physical 3980588k(148092k free), swap 16039212k(2364k free)

vm_info: Java HotSpot(TM) 64-Bit Server VM (25.211-b12) for windows-amd64 JRE (1.8.0_211-b12), built on Apr  1 2019 20:53:26 by "java_re" with MS VC++ 10.0 (VS2010)

time: Mon Oct 25 11:56:47 2021
timezone: Eastern Daylight Time
elapsed time: 19 seconds (0d 0h 0m 19s)

