#
# A fatal error has been detected by the Java Runtime Environment:
#
#  EXCEPTION_ACCESS_VIOLATION (0xc0000005) at pc=0x0000000000000000, pid=10056, tid=17860
#
# JRE version: Java(TM) SE Runtime Environment (13.0.2+8) (build 13.0.2+8)
# Java VM: Java HotSpot(TM) 64-Bit Server VM (13.0.2+8, mixed mode, sharing, tiered, compressed oops, g1 gc, windows-amd64)
# Problematic frame:
# C  0x0000000000000000
#
# No core dump will be written. Minidumps are not enabled by default on client versions of Windows
#
# If you would like to submit a bug report, please visit:
#   http://bugreport.java.com/bugreport/crash.jsp
#

---------------  S U M M A R Y ------------

Command Line: -Dorg.gradle.native=false -Xmx512m -Dfile.encoding=windows-1252 -Duser.country=CA -Duser.language=en -Duser.variant -ea worker.org.gradle.process.internal.worker.GradleWorkerMain 'Gradle Test Executor 2'

Host: Intel(R) Core(TM) i7-8565U CPU @ 1.80GHz, 8 cores, 15G,  Windows 10 , 64 bit Build 19041 (10.0.19041.1202)
Time: Thu Sep 23 20:08:53 2021 Eastern Daylight Time elapsed time: 0 seconds (0d 0h 0m 0s)

---------------  T H R E A D  ---------------

Current thread (0x000001b698d4d000):  JavaThread "main" [_thread_in_Java, id=17860, stack(0x000000053cc00000,0x000000053cd00000)]

Stack: [0x000000053cc00000,0x000000053cd00000],  sp=0x000000053ccfeb68,  free space=1018k
Native frames: (J=compiled Java code, j=interpreted, Vv=VM code, C=native code)


siginfo: EXCEPTION_ACCESS_VIOLATION (0xc0000005), data execution prevention violation at address 0x0000000000000000


Register to memory mapping:

RIP=0x0 is NULL
RAX=0x0 is NULL
RBX={method} {0x000001b6b6574c00} 'run' '()Ljava/nio/channels/spi/SelectorProvider;' in 'java/nio/channels/spi/SelectorProvider$1'
RCX=0x00000000ef1ca518 is an oop: java.nio.channels.spi.SelectorProvider$1 
{0x00000000ef1ca518} - klass: 'java/nio/channels/spi/SelectorProvider$1'
RDX=0x0000000080100001 is an unknown value
RSP=0x000000053ccfeb68 is pointing into the stack for thread: 0x000001b698d4d000
RBP=0x000000053ccfebc0 is pointing into the stack for thread: 0x000001b698d4d000
RSI=0x0 is NULL
RDI=0x0000000000000001 is an unknown value
R8 =0x0000000000000002 is an unknown value
R9 =0x0000000000000002 is an unknown value
R10=0x00007ff9bce96f60 jvm.dll
R11={method} {0x000001b6b6574c00} 'run' '()Ljava/nio/channels/spi/SelectorProvider;' in 'java/nio/channels/spi/SelectorProvider$1'
R12=0x0 is NULL
R13=0x000000053ccfeb70 is pointing into the stack for thread: 0x000001b698d4d000
R14=0x000000053ccfebd0 is pointing into the stack for thread: 0x000001b698d4d000
R15=0x000001b698d4d000 is a thread


Registers:
RAX=0x0000000000000000, RBX=0x000001b6b6574bf8, RCX=0x00000000ef1ca518, RDX=0x0000000080100001
RSP=0x000000053ccfeb68, RBP=0x000000053ccfebc0, RSI=0x0000000000000000, RDI=0x0000000000000001
R8 =0x0000000000000002, R9 =0x0000000000000002, R10=0x00007ff9bce96f60, R11=0x000001b6b6574bf8
R12=0x0000000000000000, R13=0x000000053ccfeb70, R14=0x000000053ccfebd0, R15=0x000001b698d4d000
RIP=0x0000000000000000, EFLAGS=0x0000000000010246

Top of Stack: (sp=0x000000053ccfeb68)
0x000000053ccfeb68:   000001b6a2a29fc0 00000000ef1ca518
0x000000053ccfeb78:   000000053ccfeb78 000001b6b6574661
0x000000053ccfeb88:   000000053ccfebd0 000001b6b65746e8
0x000000053ccfeb98:   0000000000000000 00000000ef1ca498
0x000000053ccfeba8:   000001b6b6574678 000000053ccfeb70
0x000000053ccfebb8:   000000053ccfebd0 000000053ccfec20
0x000000053ccfebc8:   000001b6a2a2a0a6 00000000ef1ca518
0x000000053ccfebd8:   000000053ccfebd8 0000000800a93c65
0x000000053ccfebe8:   000000053ccfec48 00000008003a0380
0x000000053ccfebf8:   000001b6b6469a28 00000000efd01e28
0x000000053ccfec08:   00000008003a0a60 000000053ccfebd0
0x000000053ccfec18:   000000053ccfec38 000000053ccfec98
0x000000053ccfec28:   000001b6a2a29fc0 0000000000000000
0x000000053ccfec38:   00000000ef1ca3e8 0000000000000000
0x000000053ccfec48:   00000000ef1ca518 000000053ccfec50
0x000000053ccfec58:   0000000800a9409d 000000053ccfeca8 

Instructions: (pc=0x0000000000000000)
0xffffffffffffff00:   


Stack slot to memory mapping:
stack at sp + 0 slots: 0x000001b6a2a29fc0 is at code_begin+1664 in an Interpreter codelet
invoke return entry points  [0x000001b6a2a29940, 0x000001b6a2a2a360]  2592 bytes
stack at sp + 1 slots: 0x00000000ef1ca518 is an oop: java.nio.channels.spi.SelectorProvider$1 
{0x00000000ef1ca518} - klass: 'java/nio/channels/spi/SelectorProvider$1'
stack at sp + 2 slots: 0x000000053ccfeb78 is pointing into the stack for thread: 0x000001b698d4d000
stack at sp + 3 slots: 0x000001b6b6574661 is pointing into metadata
stack at sp + 4 slots: 0x000000053ccfebd0 is pointing into the stack for thread: 0x000001b698d4d000
stack at sp + 5 slots: 0x000001b6b65746e8 is pointing into metadata
stack at sp + 6 slots: 0x0 is NULL
stack at sp + 7 slots: 0x00000000ef1ca498 is an oop: java.lang.Class 
{0x00000000ef1ca498} - klass: 'java/lang/Class'


---------------  P R O C E S S  ---------------

Threads class SMR info:
_java_thread_list=0x000001b6b700cba0, length=11, elements={
0x000001b698d4d000, 0x000001b6b6361800, 0x000001b6b6365000, 0x000001b6b6c93800,
0x000001b6b6c97800, 0x000001b6b6c98800, 0x000001b6b6c99800, 0x000001b6b6c9a800,
0x000001b6b6e02000, 0x000001b6b6e0f800, 0x000001b6b704c000
}

Java Threads: ( => current thread )
=>0x000001b698d4d000 JavaThread "main" [_thread_in_Java, id=17860, stack(0x000000053cc00000,0x000000053cd00000)]
  0x000001b6b6361800 JavaThread "Reference Handler" daemon [_thread_blocked, id=628, stack(0x000000053d300000,0x000000053d400000)]
  0x000001b6b6365000 JavaThread "Finalizer" daemon [_thread_blocked, id=9724, stack(0x000000053d400000,0x000000053d500000)]
  0x000001b6b6c93800 JavaThread "Signal Dispatcher" daemon [_thread_blocked, id=9844, stack(0x000000053d500000,0x000000053d600000)]
  0x000001b6b6c97800 JavaThread "Attach Listener" daemon [_thread_blocked, id=16528, stack(0x000000053d600000,0x000000053d700000)]
  0x000001b6b6c98800 JavaThread "C2 CompilerThread0" daemon [_thread_blocked, id=9952, stack(0x000000053d700000,0x000000053d800000)]
  0x000001b6b6c99800 JavaThread "C1 CompilerThread0" daemon [_thread_blocked, id=17192, stack(0x000000053d800000,0x000000053d900000)]
  0x000001b6b6c9a800 JavaThread "Sweeper thread" daemon [_thread_blocked, id=14864, stack(0x000000053d900000,0x000000053da00000)]
  0x000001b6b6e02000 JavaThread "Service Thread" daemon [_thread_blocked, id=9712, stack(0x000000053da00000,0x000000053db00000)]
  0x000001b6b6e0f800 JavaThread "Common-Cleaner" daemon [_thread_blocked, id=12600, stack(0x000000053dc00000,0x000000053dd00000)]
  0x000001b6b704c000 JavaThread "C2 CompilerThread1" daemon [_thread_blocked, id=3540, stack(0x000000053dd00000,0x000000053de00000)]

Other Threads:
  0x000001b6b6361000 VMThread "VM Thread" [stack: 0x000000053d200000,0x000000053d300000] [id=8388]
  0x000001b6b6e1c800 WatcherThread [stack: 0x000000053db00000,0x000000053dc00000] [id=11968]
  0x000001b698d76000 GCTaskThread "GC Thread#0" [stack: 0x000000053cd00000,0x000000053ce00000] [id=2924]
  0x000001b698d7b000 ConcurrentGCThread "G1 Main Marker" [stack: 0x000000053ce00000,0x000000053cf00000] [id=5716]
  0x000001b698d80800 ConcurrentGCThread "G1 Conc#0" [stack: 0x000000053cf00000,0x000000053d000000] [id=11500]
  0x000001b698e1e800 ConcurrentGCThread "G1 Refine#0" [stack: 0x000000053d000000,0x000000053d100000] [id=13796]
  0x000001b6b61de800 ConcurrentGCThread "G1 Young RemSet Sampling" [stack: 0x000000053d100000,0x000000053d200000] [id=1304]

Threads with active compile tasks:

VM state:not at safepoint (normal execution)

VM Mutex/Monitor currently owned by a thread: None

Heap address: 0x00000000e0000000, size: 512 MB, Compressed Oops mode: 32-bit
Narrow klass base: 0x0000000800000000, Narrow klass shift: 3
Compressed class space size: 1073741824 Address: 0x0000000800b40000

Heap:
 garbage-first heap   total 260096K, used 11264K [0x00000000e0000000, 0x0000000100000000)
  region size 1024K, 13 young (13312K), 0 survivors (0K)
 Metaspace       used 3144K, capacity 5588K, committed 5888K, reserved 1056768K
  class space    used 386K, capacity 644K, committed 768K, reserved 1048576K
Heap Regions: E=young(eden), S=young(survivor), O=old, HS=humongous(starts), HC=humongous(continues), CS=collection set, F=free, A=archive, TAMS=top-at-mark-start (previous, next)
|   0|0x00000000e0000000, 0x00000000e0000000, 0x00000000e0100000|  0%| F|  |TAMS 0x00000000e0000000, 0x00000000e0000000| Untracked 
|   1|0x00000000e0100000, 0x00000000e0100000, 0x00000000e0200000|  0%| F|  |TAMS 0x00000000e0100000, 0x00000000e0100000| Untracked 
|   2|0x00000000e0200000, 0x00000000e0200000, 0x00000000e0300000|  0%| F|  |TAMS 0x00000000e0200000, 0x00000000e0200000| Untracked 
|   3|0x00000000e0300000, 0x00000000e0300000, 0x00000000e0400000|  0%| F|  |TAMS 0x00000000e0300000, 0x00000000e0300000| Untracked 
|   4|0x00000000e0400000, 0x00000000e0400000, 0x00000000e0500000|  0%| F|  |TAMS 0x00000000e0400000, 0x00000000e0400000| Untracked 
|   5|0x00000000e0500000, 0x00000000e0500000, 0x00000000e0600000|  0%| F|  |TAMS 0x00000000e0500000, 0x00000000e0500000| Untracked 
|   6|0x00000000e0600000, 0x00000000e0600000, 0x00000000e0700000|  0%| F|  |TAMS 0x00000000e0600000, 0x00000000e0600000| Untracked 
|   7|0x00000000e0700000, 0x00000000e0700000, 0x00000000e0800000|  0%| F|  |TAMS 0x00000000e0700000, 0x00000000e0700000| Untracked 
|   8|0x00000000e0800000, 0x00000000e0800000, 0x00000000e0900000|  0%| F|  |TAMS 0x00000000e0800000, 0x00000000e0800000| Untracked 
|   9|0x00000000e0900000, 0x00000000e0900000, 0x00000000e0a00000|  0%| F|  |TAMS 0x00000000e0900000, 0x00000000e0900000| Untracked 
|  10|0x00000000e0a00000, 0x00000000e0a00000, 0x00000000e0b00000|  0%| F|  |TAMS 0x00000000e0a00000, 0x00000000e0a00000| Untracked 
|  11|0x00000000e0b00000, 0x00000000e0b00000, 0x00000000e0c00000|  0%| F|  |TAMS 0x00000000e0b00000, 0x00000000e0b00000| Untracked 
|  12|0x00000000e0c00000, 0x00000000e0c00000, 0x00000000e0d00000|  0%| F|  |TAMS 0x00000000e0c00000, 0x00000000e0c00000| Untracked 
|  13|0x00000000e0d00000, 0x00000000e0d00000, 0x00000000e0e00000|  0%| F|  |TAMS 0x00000000e0d00000, 0x00000000e0d00000| Untracked 
|  14|0x00000000e0e00000, 0x00000000e0e00000, 0x00000000e0f00000|  0%| F|  |TAMS 0x00000000e0e00000, 0x00000000e0e00000| Untracked 
|  15|0x00000000e0f00000, 0x00000000e0f00000, 0x00000000e1000000|  0%| F|  |TAMS 0x00000000e0f00000, 0x00000000e0f00000| Untracked 
|  16|0x00000000e1000000, 0x00000000e1000000, 0x00000000e1100000|  0%| F|  |TAMS 0x00000000e1000000, 0x00000000e1000000| Untracked 
|  17|0x00000000e1100000, 0x00000000e1100000, 0x00000000e1200000|  0%| F|  |TAMS 0x00000000e1100000, 0x00000000e1100000| Untracked 
|  18|0x00000000e1200000, 0x00000000e1200000, 0x00000000e1300000|  0%| F|  |TAMS 0x00000000e1200000, 0x00000000e1200000| Untracked 
|  19|0x00000000e1300000, 0x00000000e1300000, 0x00000000e1400000|  0%| F|  |TAMS 0x00000000e1300000, 0x00000000e1300000| Untracked 
|  20|0x00000000e1400000, 0x00000000e1400000, 0x00000000e1500000|  0%| F|  |TAMS 0x00000000e1400000, 0x00000000e1400000| Untracked 
|  21|0x00000000e1500000, 0x00000000e1500000, 0x00000000e1600000|  0%| F|  |TAMS 0x00000000e1500000, 0x00000000e1500000| Untracked 
|  22|0x00000000e1600000, 0x00000000e1600000, 0x00000000e1700000|  0%| F|  |TAMS 0x00000000e1600000, 0x00000000e1600000| Untracked 
|  23|0x00000000e1700000, 0x00000000e1700000, 0x00000000e1800000|  0%| F|  |TAMS 0x00000000e1700000, 0x00000000e1700000| Untracked 
|  24|0x00000000e1800000, 0x00000000e1800000, 0x00000000e1900000|  0%| F|  |TAMS 0x00000000e1800000, 0x00000000e1800000| Untracked 
|  25|0x00000000e1900000, 0x00000000e1900000, 0x00000000e1a00000|  0%| F|  |TAMS 0x00000000e1900000, 0x00000000e1900000| Untracked 
|  26|0x00000000e1a00000, 0x00000000e1a00000, 0x00000000e1b00000|  0%| F|  |TAMS 0x00000000e1a00000, 0x00000000e1a00000| Untracked 
|  27|0x00000000e1b00000, 0x00000000e1b00000, 0x00000000e1c00000|  0%| F|  |TAMS 0x00000000e1b00000, 0x00000000e1b00000| Untracked 
|  28|0x00000000e1c00000, 0x00000000e1c00000, 0x00000000e1d00000|  0%| F|  |TAMS 0x00000000e1c00000, 0x00000000e1c00000| Untracked 
|  29|0x00000000e1d00000, 0x00000000e1d00000, 0x00000000e1e00000|  0%| F|  |TAMS 0x00000000e1d00000, 0x00000000e1d00000| Untracked 
|  30|0x00000000e1e00000, 0x00000000e1e00000, 0x00000000e1f00000|  0%| F|  |TAMS 0x00000000e1e00000, 0x00000000e1e00000| Untracked 
|  31|0x00000000e1f00000, 0x00000000e1f00000, 0x00000000e2000000|  0%| F|  |TAMS 0x00000000e1f00000, 0x00000000e1f00000| Untracked 
|  32|0x00000000e2000000, 0x00000000e2000000, 0x00000000e2100000|  0%| F|  |TAMS 0x00000000e2000000, 0x00000000e2000000| Untracked 
|  33|0x00000000e2100000, 0x00000000e2100000, 0x00000000e2200000|  0%| F|  |TAMS 0x00000000e2100000, 0x00000000e2100000| Untracked 
|  34|0x00000000e2200000, 0x00000000e2200000, 0x00000000e2300000|  0%| F|  |TAMS 0x00000000e2200000, 0x00000000e2200000| Untracked 
|  35|0x00000000e2300000, 0x00000000e2300000, 0x00000000e2400000|  0%| F|  |TAMS 0x00000000e2300000, 0x00000000e2300000| Untracked 
|  36|0x00000000e2400000, 0x00000000e2400000, 0x00000000e2500000|  0%| F|  |TAMS 0x00000000e2400000, 0x00000000e2400000| Untracked 
|  37|0x00000000e2500000, 0x00000000e2500000, 0x00000000e2600000|  0%| F|  |TAMS 0x00000000e2500000, 0x00000000e2500000| Untracked 
|  38|0x00000000e2600000, 0x00000000e2600000, 0x00000000e2700000|  0%| F|  |TAMS 0x00000000e2600000, 0x00000000e2600000| Untracked 
|  39|0x00000000e2700000, 0x00000000e2700000, 0x00000000e2800000|  0%| F|  |TAMS 0x00000000e2700000, 0x00000000e2700000| Untracked 
|  40|0x00000000e2800000, 0x00000000e2800000, 0x00000000e2900000|  0%| F|  |TAMS 0x00000000e2800000, 0x00000000e2800000| Untracked 
|  41|0x00000000e2900000, 0x00000000e2900000, 0x00000000e2a00000|  0%| F|  |TAMS 0x00000000e2900000, 0x00000000e2900000| Untracked 
|  42|0x00000000e2a00000, 0x00000000e2a00000, 0x00000000e2b00000|  0%| F|  |TAMS 0x00000000e2a00000, 0x00000000e2a00000| Untracked 
|  43|0x00000000e2b00000, 0x00000000e2b00000, 0x00000000e2c00000|  0%| F|  |TAMS 0x00000000e2b00000, 0x00000000e2b00000| Untracked 
|  44|0x00000000e2c00000, 0x00000000e2c00000, 0x00000000e2d00000|  0%| F|  |TAMS 0x00000000e2c00000, 0x00000000e2c00000| Untracked 
|  45|0x00000000e2d00000, 0x00000000e2d00000, 0x00000000e2e00000|  0%| F|  |TAMS 0x00000000e2d00000, 0x00000000e2d00000| Untracked 
|  46|0x00000000e2e00000, 0x00000000e2e00000, 0x00000000e2f00000|  0%| F|  |TAMS 0x00000000e2e00000, 0x00000000e2e00000| Untracked 
|  47|0x00000000e2f00000, 0x00000000e2f00000, 0x00000000e3000000|  0%| F|  |TAMS 0x00000000e2f00000, 0x00000000e2f00000| Untracked 
|  48|0x00000000e3000000, 0x00000000e3000000, 0x00000000e3100000|  0%| F|  |TAMS 0x00000000e3000000, 0x00000000e3000000| Untracked 
|  49|0x00000000e3100000, 0x00000000e3100000, 0x00000000e3200000|  0%| F|  |TAMS 0x00000000e3100000, 0x00000000e3100000| Untracked 
|  50|0x00000000e3200000, 0x00000000e3200000, 0x00000000e3300000|  0%| F|  |TAMS 0x00000000e3200000, 0x00000000e3200000| Untracked 
|  51|0x00000000e3300000, 0x00000000e3300000, 0x00000000e3400000|  0%| F|  |TAMS 0x00000000e3300000, 0x00000000e3300000| Untracked 
|  52|0x00000000e3400000, 0x00000000e3400000, 0x00000000e3500000|  0%| F|  |TAMS 0x00000000e3400000, 0x00000000e3400000| Untracked 
|  53|0x00000000e3500000, 0x00000000e3500000, 0x00000000e3600000|  0%| F|  |TAMS 0x00000000e3500000, 0x00000000e3500000| Untracked 
|  54|0x00000000e3600000, 0x00000000e3600000, 0x00000000e3700000|  0%| F|  |TAMS 0x00000000e3600000, 0x00000000e3600000| Untracked 
|  55|0x00000000e3700000, 0x00000000e3700000, 0x00000000e3800000|  0%| F|  |TAMS 0x00000000e3700000, 0x00000000e3700000| Untracked 
|  56|0x00000000e3800000, 0x00000000e3800000, 0x00000000e3900000|  0%| F|  |TAMS 0x00000000e3800000, 0x00000000e3800000| Untracked 
|  57|0x00000000e3900000, 0x00000000e3900000, 0x00000000e3a00000|  0%| F|  |TAMS 0x00000000e3900000, 0x00000000e3900000| Untracked 
|  58|0x00000000e3a00000, 0x00000000e3a00000, 0x00000000e3b00000|  0%| F|  |TAMS 0x00000000e3a00000, 0x00000000e3a00000| Untracked 
|  59|0x00000000e3b00000, 0x00000000e3b00000, 0x00000000e3c00000|  0%| F|  |TAMS 0x00000000e3b00000, 0x00000000e3b00000| Untracked 
|  60|0x00000000e3c00000, 0x00000000e3c00000, 0x00000000e3d00000|  0%| F|  |TAMS 0x00000000e3c00000, 0x00000000e3c00000| Untracked 
|  61|0x00000000e3d00000, 0x00000000e3d00000, 0x00000000e3e00000|  0%| F|  |TAMS 0x00000000e3d00000, 0x00000000e3d00000| Untracked 
|  62|0x00000000e3e00000, 0x00000000e3e00000, 0x00000000e3f00000|  0%| F|  |TAMS 0x00000000e3e00000, 0x00000000e3e00000| Untracked 
|  63|0x00000000e3f00000, 0x00000000e3f00000, 0x00000000e4000000|  0%| F|  |TAMS 0x00000000e3f00000, 0x00000000e3f00000| Untracked 
|  64|0x00000000e4000000, 0x00000000e4000000, 0x00000000e4100000|  0%| F|  |TAMS 0x00000000e4000000, 0x00000000e4000000| Untracked 
|  65|0x00000000e4100000, 0x00000000e4100000, 0x00000000e4200000|  0%| F|  |TAMS 0x00000000e4100000, 0x00000000e4100000| Untracked 
|  66|0x00000000e4200000, 0x00000000e4200000, 0x00000000e4300000|  0%| F|  |TAMS 0x00000000e4200000, 0x00000000e4200000| Untracked 
|  67|0x00000000e4300000, 0x00000000e4300000, 0x00000000e4400000|  0%| F|  |TAMS 0x00000000e4300000, 0x00000000e4300000| Untracked 
|  68|0x00000000e4400000, 0x00000000e4400000, 0x00000000e4500000|  0%| F|  |TAMS 0x00000000e4400000, 0x00000000e4400000| Untracked 
|  69|0x00000000e4500000, 0x00000000e4500000, 0x00000000e4600000|  0%| F|  |TAMS 0x00000000e4500000, 0x00000000e4500000| Untracked 
|  70|0x00000000e4600000, 0x00000000e4600000, 0x00000000e4700000|  0%| F|  |TAMS 0x00000000e4600000, 0x00000000e4600000| Untracked 
|  71|0x00000000e4700000, 0x00000000e4700000, 0x00000000e4800000|  0%| F|  |TAMS 0x00000000e4700000, 0x00000000e4700000| Untracked 
|  72|0x00000000e4800000, 0x00000000e4800000, 0x00000000e4900000|  0%| F|  |TAMS 0x00000000e4800000, 0x00000000e4800000| Untracked 
|  73|0x00000000e4900000, 0x00000000e4900000, 0x00000000e4a00000|  0%| F|  |TAMS 0x00000000e4900000, 0x00000000e4900000| Untracked 
|  74|0x00000000e4a00000, 0x00000000e4a00000, 0x00000000e4b00000|  0%| F|  |TAMS 0x00000000e4a00000, 0x00000000e4a00000| Untracked 
|  75|0x00000000e4b00000, 0x00000000e4b00000, 0x00000000e4c00000|  0%| F|  |TAMS 0x00000000e4b00000, 0x00000000e4b00000| Untracked 
|  76|0x00000000e4c00000, 0x00000000e4c00000, 0x00000000e4d00000|  0%| F|  |TAMS 0x00000000e4c00000, 0x00000000e4c00000| Untracked 
|  77|0x00000000e4d00000, 0x00000000e4d00000, 0x00000000e4e00000|  0%| F|  |TAMS 0x00000000e4d00000, 0x00000000e4d00000| Untracked 
|  78|0x00000000e4e00000, 0x00000000e4e00000, 0x00000000e4f00000|  0%| F|  |TAMS 0x00000000e4e00000, 0x00000000e4e00000| Untracked 
|  79|0x00000000e4f00000, 0x00000000e4f00000, 0x00000000e5000000|  0%| F|  |TAMS 0x00000000e4f00000, 0x00000000e4f00000| Untracked 
|  80|0x00000000e5000000, 0x00000000e5000000, 0x00000000e5100000|  0%| F|  |TAMS 0x00000000e5000000, 0x00000000e5000000| Untracked 
|  81|0x00000000e5100000, 0x00000000e5100000, 0x00000000e5200000|  0%| F|  |TAMS 0x00000000e5100000, 0x00000000e5100000| Untracked 
|  82|0x00000000e5200000, 0x00000000e5200000, 0x00000000e5300000|  0%| F|  |TAMS 0x00000000e5200000, 0x00000000e5200000| Untracked 
|  83|0x00000000e5300000, 0x00000000e5300000, 0x00000000e5400000|  0%| F|  |TAMS 0x00000000e5300000, 0x00000000e5300000| Untracked 
|  84|0x00000000e5400000, 0x00000000e5400000, 0x00000000e5500000|  0%| F|  |TAMS 0x00000000e5400000, 0x00000000e5400000| Untracked 
|  85|0x00000000e5500000, 0x00000000e5500000, 0x00000000e5600000|  0%| F|  |TAMS 0x00000000e5500000, 0x00000000e5500000| Untracked 
|  86|0x00000000e5600000, 0x00000000e5600000, 0x00000000e5700000|  0%| F|  |TAMS 0x00000000e5600000, 0x00000000e5600000| Untracked 
|  87|0x00000000e5700000, 0x00000000e5700000, 0x00000000e5800000|  0%| F|  |TAMS 0x00000000e5700000, 0x00000000e5700000| Untracked 
|  88|0x00000000e5800000, 0x00000000e5800000, 0x00000000e5900000|  0%| F|  |TAMS 0x00000000e5800000, 0x00000000e5800000| Untracked 
|  89|0x00000000e5900000, 0x00000000e5900000, 0x00000000e5a00000|  0%| F|  |TAMS 0x00000000e5900000, 0x00000000e5900000| Untracked 
|  90|0x00000000e5a00000, 0x00000000e5a00000, 0x00000000e5b00000|  0%| F|  |TAMS 0x00000000e5a00000, 0x00000000e5a00000| Untracked 
|  91|0x00000000e5b00000, 0x00000000e5b00000, 0x00000000e5c00000|  0%| F|  |TAMS 0x00000000e5b00000, 0x00000000e5b00000| Untracked 
|  92|0x00000000e5c00000, 0x00000000e5c00000, 0x00000000e5d00000|  0%| F|  |TAMS 0x00000000e5c00000, 0x00000000e5c00000| Untracked 
|  93|0x00000000e5d00000, 0x00000000e5d00000, 0x00000000e5e00000|  0%| F|  |TAMS 0x00000000e5d00000, 0x00000000e5d00000| Untracked 
|  94|0x00000000e5e00000, 0x00000000e5e00000, 0x00000000e5f00000|  0%| F|  |TAMS 0x00000000e5e00000, 0x00000000e5e00000| Untracked 
|  95|0x00000000e5f00000, 0x00000000e5f00000, 0x00000000e6000000|  0%| F|  |TAMS 0x00000000e5f00000, 0x00000000e5f00000| Untracked 
|  96|0x00000000e6000000, 0x00000000e6000000, 0x00000000e6100000|  0%| F|  |TAMS 0x00000000e6000000, 0x00000000e6000000| Untracked 
|  97|0x00000000e6100000, 0x00000000e6100000, 0x00000000e6200000|  0%| F|  |TAMS 0x00000000e6100000, 0x00000000e6100000| Untracked 
|  98|0x00000000e6200000, 0x00000000e6200000, 0x00000000e6300000|  0%| F|  |TAMS 0x00000000e6200000, 0x00000000e6200000| Untracked 
|  99|0x00000000e6300000, 0x00000000e6300000, 0x00000000e6400000|  0%| F|  |TAMS 0x00000000e6300000, 0x00000000e6300000| Untracked 
| 100|0x00000000e6400000, 0x00000000e6400000, 0x00000000e6500000|  0%| F|  |TAMS 0x00000000e6400000, 0x00000000e6400000| Untracked 
| 101|0x00000000e6500000, 0x00000000e6500000, 0x00000000e6600000|  0%| F|  |TAMS 0x00000000e6500000, 0x00000000e6500000| Untracked 
| 102|0x00000000e6600000, 0x00000000e6600000, 0x00000000e6700000|  0%| F|  |TAMS 0x00000000e6600000, 0x00000000e6600000| Untracked 
| 103|0x00000000e6700000, 0x00000000e6700000, 0x00000000e6800000|  0%| F|  |TAMS 0x00000000e6700000, 0x00000000e6700000| Untracked 
| 104|0x00000000e6800000, 0x00000000e6800000, 0x00000000e6900000|  0%| F|  |TAMS 0x00000000e6800000, 0x00000000e6800000| Untracked 
| 105|0x00000000e6900000, 0x00000000e6900000, 0x00000000e6a00000|  0%| F|  |TAMS 0x00000000e6900000, 0x00000000e6900000| Untracked 
| 106|0x00000000e6a00000, 0x00000000e6a00000, 0x00000000e6b00000|  0%| F|  |TAMS 0x00000000e6a00000, 0x00000000e6a00000| Untracked 
| 107|0x00000000e6b00000, 0x00000000e6b00000, 0x00000000e6c00000|  0%| F|  |TAMS 0x00000000e6b00000, 0x00000000e6b00000| Untracked 
| 108|0x00000000e6c00000, 0x00000000e6c00000, 0x00000000e6d00000|  0%| F|  |TAMS 0x00000000e6c00000, 0x00000000e6c00000| Untracked 
| 109|0x00000000e6d00000, 0x00000000e6d00000, 0x00000000e6e00000|  0%| F|  |TAMS 0x00000000e6d00000, 0x00000000e6d00000| Untracked 
| 110|0x00000000e6e00000, 0x00000000e6e00000, 0x00000000e6f00000|  0%| F|  |TAMS 0x00000000e6e00000, 0x00000000e6e00000| Untracked 
| 111|0x00000000e6f00000, 0x00000000e6f00000, 0x00000000e7000000|  0%| F|  |TAMS 0x00000000e6f00000, 0x00000000e6f00000| Untracked 
| 112|0x00000000e7000000, 0x00000000e7000000, 0x00000000e7100000|  0%| F|  |TAMS 0x00000000e7000000, 0x00000000e7000000| Untracked 
| 113|0x00000000e7100000, 0x00000000e7100000, 0x00000000e7200000|  0%| F|  |TAMS 0x00000000e7100000, 0x00000000e7100000| Untracked 
| 114|0x00000000e7200000, 0x00000000e7200000, 0x00000000e7300000|  0%| F|  |TAMS 0x00000000e7200000, 0x00000000e7200000| Untracked 
| 115|0x00000000e7300000, 0x00000000e7300000, 0x00000000e7400000|  0%| F|  |TAMS 0x00000000e7300000, 0x00000000e7300000| Untracked 
| 116|0x00000000e7400000, 0x00000000e7400000, 0x00000000e7500000|  0%| F|  |TAMS 0x00000000e7400000, 0x00000000e7400000| Untracked 
| 117|0x00000000e7500000, 0x00000000e7500000, 0x00000000e7600000|  0%| F|  |TAMS 0x00000000e7500000, 0x00000000e7500000| Untracked 
| 118|0x00000000e7600000, 0x00000000e7600000, 0x00000000e7700000|  0%| F|  |TAMS 0x00000000e7600000, 0x00000000e7600000| Untracked 
| 119|0x00000000e7700000, 0x00000000e7700000, 0x00000000e7800000|  0%| F|  |TAMS 0x00000000e7700000, 0x00000000e7700000| Untracked 
| 120|0x00000000e7800000, 0x00000000e7800000, 0x00000000e7900000|  0%| F|  |TAMS 0x00000000e7800000, 0x00000000e7800000| Untracked 
| 121|0x00000000e7900000, 0x00000000e7900000, 0x00000000e7a00000|  0%| F|  |TAMS 0x00000000e7900000, 0x00000000e7900000| Untracked 
| 122|0x00000000e7a00000, 0x00000000e7a00000, 0x00000000e7b00000|  0%| F|  |TAMS 0x00000000e7a00000, 0x00000000e7a00000| Untracked 
| 123|0x00000000e7b00000, 0x00000000e7b00000, 0x00000000e7c00000|  0%| F|  |TAMS 0x00000000e7b00000, 0x00000000e7b00000| Untracked 
| 124|0x00000000e7c00000, 0x00000000e7c00000, 0x00000000e7d00000|  0%| F|  |TAMS 0x00000000e7c00000, 0x00000000e7c00000| Untracked 
| 125|0x00000000e7d00000, 0x00000000e7d00000, 0x00000000e7e00000|  0%| F|  |TAMS 0x00000000e7d00000, 0x00000000e7d00000| Untracked 
| 126|0x00000000e7e00000, 0x00000000e7e00000, 0x00000000e7f00000|  0%| F|  |TAMS 0x00000000e7e00000, 0x00000000e7e00000| Untracked 
| 127|0x00000000e7f00000, 0x00000000e7f00000, 0x00000000e8000000|  0%| F|  |TAMS 0x00000000e7f00000, 0x00000000e7f00000| Untracked 
| 128|0x00000000e8000000, 0x00000000e8000000, 0x00000000e8100000|  0%| F|  |TAMS 0x00000000e8000000, 0x00000000e8000000| Untracked 
| 129|0x00000000e8100000, 0x00000000e8100000, 0x00000000e8200000|  0%| F|  |TAMS 0x00000000e8100000, 0x00000000e8100000| Untracked 
| 130|0x00000000e8200000, 0x00000000e8200000, 0x00000000e8300000|  0%| F|  |TAMS 0x00000000e8200000, 0x00000000e8200000| Untracked 
| 131|0x00000000e8300000, 0x00000000e8300000, 0x00000000e8400000|  0%| F|  |TAMS 0x00000000e8300000, 0x00000000e8300000| Untracked 
| 132|0x00000000e8400000, 0x00000000e8400000, 0x00000000e8500000|  0%| F|  |TAMS 0x00000000e8400000, 0x00000000e8400000| Untracked 
| 133|0x00000000e8500000, 0x00000000e8500000, 0x00000000e8600000|  0%| F|  |TAMS 0x00000000e8500000, 0x00000000e8500000| Untracked 
| 134|0x00000000e8600000, 0x00000000e8600000, 0x00000000e8700000|  0%| F|  |TAMS 0x00000000e8600000, 0x00000000e8600000| Untracked 
| 135|0x00000000e8700000, 0x00000000e8700000, 0x00000000e8800000|  0%| F|  |TAMS 0x00000000e8700000, 0x00000000e8700000| Untracked 
| 136|0x00000000e8800000, 0x00000000e8800000, 0x00000000e8900000|  0%| F|  |TAMS 0x00000000e8800000, 0x00000000e8800000| Untracked 
| 137|0x00000000e8900000, 0x00000000e8900000, 0x00000000e8a00000|  0%| F|  |TAMS 0x00000000e8900000, 0x00000000e8900000| Untracked 
| 138|0x00000000e8a00000, 0x00000000e8a00000, 0x00000000e8b00000|  0%| F|  |TAMS 0x00000000e8a00000, 0x00000000e8a00000| Untracked 
| 139|0x00000000e8b00000, 0x00000000e8b00000, 0x00000000e8c00000|  0%| F|  |TAMS 0x00000000e8b00000, 0x00000000e8b00000| Untracked 
| 140|0x00000000e8c00000, 0x00000000e8c00000, 0x00000000e8d00000|  0%| F|  |TAMS 0x00000000e8c00000, 0x00000000e8c00000| Untracked 
| 141|0x00000000e8d00000, 0x00000000e8d00000, 0x00000000e8e00000|  0%| F|  |TAMS 0x00000000e8d00000, 0x00000000e8d00000| Untracked 
| 142|0x00000000e8e00000, 0x00000000e8e00000, 0x00000000e8f00000|  0%| F|  |TAMS 0x00000000e8e00000, 0x00000000e8e00000| Untracked 
| 143|0x00000000e8f00000, 0x00000000e8f00000, 0x00000000e9000000|  0%| F|  |TAMS 0x00000000e8f00000, 0x00000000e8f00000| Untracked 
| 144|0x00000000e9000000, 0x00000000e9000000, 0x00000000e9100000|  0%| F|  |TAMS 0x00000000e9000000, 0x00000000e9000000| Untracked 
| 145|0x00000000e9100000, 0x00000000e9100000, 0x00000000e9200000|  0%| F|  |TAMS 0x00000000e9100000, 0x00000000e9100000| Untracked 
| 146|0x00000000e9200000, 0x00000000e9200000, 0x00000000e9300000|  0%| F|  |TAMS 0x00000000e9200000, 0x00000000e9200000| Untracked 
| 147|0x00000000e9300000, 0x00000000e9300000, 0x00000000e9400000|  0%| F|  |TAMS 0x00000000e9300000, 0x00000000e9300000| Untracked 
| 148|0x00000000e9400000, 0x00000000e9400000, 0x00000000e9500000|  0%| F|  |TAMS 0x00000000e9400000, 0x00000000e9400000| Untracked 
| 149|0x00000000e9500000, 0x00000000e9500000, 0x00000000e9600000|  0%| F|  |TAMS 0x00000000e9500000, 0x00000000e9500000| Untracked 
| 150|0x00000000e9600000, 0x00000000e9600000, 0x00000000e9700000|  0%| F|  |TAMS 0x00000000e9600000, 0x00000000e9600000| Untracked 
| 151|0x00000000e9700000, 0x00000000e9700000, 0x00000000e9800000|  0%| F|  |TAMS 0x00000000e9700000, 0x00000000e9700000| Untracked 
| 152|0x00000000e9800000, 0x00000000e9800000, 0x00000000e9900000|  0%| F|  |TAMS 0x00000000e9800000, 0x00000000e9800000| Untracked 
| 153|0x00000000e9900000, 0x00000000e9900000, 0x00000000e9a00000|  0%| F|  |TAMS 0x00000000e9900000, 0x00000000e9900000| Untracked 
| 154|0x00000000e9a00000, 0x00000000e9a00000, 0x00000000e9b00000|  0%| F|  |TAMS 0x00000000e9a00000, 0x00000000e9a00000| Untracked 
| 155|0x00000000e9b00000, 0x00000000e9b00000, 0x00000000e9c00000|  0%| F|  |TAMS 0x00000000e9b00000, 0x00000000e9b00000| Untracked 
| 156|0x00000000e9c00000, 0x00000000e9c00000, 0x00000000e9d00000|  0%| F|  |TAMS 0x00000000e9c00000, 0x00000000e9c00000| Untracked 
| 157|0x00000000e9d00000, 0x00000000e9d00000, 0x00000000e9e00000|  0%| F|  |TAMS 0x00000000e9d00000, 0x00000000e9d00000| Untracked 
| 158|0x00000000e9e00000, 0x00000000e9e00000, 0x00000000e9f00000|  0%| F|  |TAMS 0x00000000e9e00000, 0x00000000e9e00000| Untracked 
| 159|0x00000000e9f00000, 0x00000000e9f00000, 0x00000000ea000000|  0%| F|  |TAMS 0x00000000e9f00000, 0x00000000e9f00000| Untracked 
| 160|0x00000000ea000000, 0x00000000ea000000, 0x00000000ea100000|  0%| F|  |TAMS 0x00000000ea000000, 0x00000000ea000000| Untracked 
| 161|0x00000000ea100000, 0x00000000ea100000, 0x00000000ea200000|  0%| F|  |TAMS 0x00000000ea100000, 0x00000000ea100000| Untracked 
| 162|0x00000000ea200000, 0x00000000ea200000, 0x00000000ea300000|  0%| F|  |TAMS 0x00000000ea200000, 0x00000000ea200000| Untracked 
| 163|0x00000000ea300000, 0x00000000ea300000, 0x00000000ea400000|  0%| F|  |TAMS 0x00000000ea300000, 0x00000000ea300000| Untracked 
| 164|0x00000000ea400000, 0x00000000ea400000, 0x00000000ea500000|  0%| F|  |TAMS 0x00000000ea400000, 0x00000000ea400000| Untracked 
| 165|0x00000000ea500000, 0x00000000ea500000, 0x00000000ea600000|  0%| F|  |TAMS 0x00000000ea500000, 0x00000000ea500000| Untracked 
| 166|0x00000000ea600000, 0x00000000ea600000, 0x00000000ea700000|  0%| F|  |TAMS 0x00000000ea600000, 0x00000000ea600000| Untracked 
| 167|0x00000000ea700000, 0x00000000ea700000, 0x00000000ea800000|  0%| F|  |TAMS 0x00000000ea700000, 0x00000000ea700000| Untracked 
| 168|0x00000000ea800000, 0x00000000ea800000, 0x00000000ea900000|  0%| F|  |TAMS 0x00000000ea800000, 0x00000000ea800000| Untracked 
| 169|0x00000000ea900000, 0x00000000ea900000, 0x00000000eaa00000|  0%| F|  |TAMS 0x00000000ea900000, 0x00000000ea900000| Untracked 
| 170|0x00000000eaa00000, 0x00000000eaa00000, 0x00000000eab00000|  0%| F|  |TAMS 0x00000000eaa00000, 0x00000000eaa00000| Untracked 
| 171|0x00000000eab00000, 0x00000000eab00000, 0x00000000eac00000|  0%| F|  |TAMS 0x00000000eab00000, 0x00000000eab00000| Untracked 
| 172|0x00000000eac00000, 0x00000000eac00000, 0x00000000ead00000|  0%| F|  |TAMS 0x00000000eac00000, 0x00000000eac00000| Untracked 
| 173|0x00000000ead00000, 0x00000000ead00000, 0x00000000eae00000|  0%| F|  |TAMS 0x00000000ead00000, 0x00000000ead00000| Untracked 
| 174|0x00000000eae00000, 0x00000000eae00000, 0x00000000eaf00000|  0%| F|  |TAMS 0x00000000eae00000, 0x00000000eae00000| Untracked 
| 175|0x00000000eaf00000, 0x00000000eaf00000, 0x00000000eb000000|  0%| F|  |TAMS 0x00000000eaf00000, 0x00000000eaf00000| Untracked 
| 176|0x00000000eb000000, 0x00000000eb000000, 0x00000000eb100000|  0%| F|  |TAMS 0x00000000eb000000, 0x00000000eb000000| Untracked 
| 177|0x00000000eb100000, 0x00000000eb100000, 0x00000000eb200000|  0%| F|  |TAMS 0x00000000eb100000, 0x00000000eb100000| Untracked 
| 178|0x00000000eb200000, 0x00000000eb200000, 0x00000000eb300000|  0%| F|  |TAMS 0x00000000eb200000, 0x00000000eb200000| Untracked 
| 179|0x00000000eb300000, 0x00000000eb300000, 0x00000000eb400000|  0%| F|  |TAMS 0x00000000eb300000, 0x00000000eb300000| Untracked 
| 180|0x00000000eb400000, 0x00000000eb400000, 0x00000000eb500000|  0%| F|  |TAMS 0x00000000eb400000, 0x00000000eb400000| Untracked 
| 181|0x00000000eb500000, 0x00000000eb500000, 0x00000000eb600000|  0%| F|  |TAMS 0x00000000eb500000, 0x00000000eb500000| Untracked 
| 182|0x00000000eb600000, 0x00000000eb600000, 0x00000000eb700000|  0%| F|  |TAMS 0x00000000eb600000, 0x00000000eb600000| Untracked 
| 183|0x00000000eb700000, 0x00000000eb700000, 0x00000000eb800000|  0%| F|  |TAMS 0x00000000eb700000, 0x00000000eb700000| Untracked 
| 184|0x00000000eb800000, 0x00000000eb800000, 0x00000000eb900000|  0%| F|  |TAMS 0x00000000eb800000, 0x00000000eb800000| Untracked 
| 185|0x00000000eb900000, 0x00000000eb900000, 0x00000000eba00000|  0%| F|  |TAMS 0x00000000eb900000, 0x00000000eb900000| Untracked 
| 186|0x00000000eba00000, 0x00000000eba00000, 0x00000000ebb00000|  0%| F|  |TAMS 0x00000000eba00000, 0x00000000eba00000| Untracked 
| 187|0x00000000ebb00000, 0x00000000ebb00000, 0x00000000ebc00000|  0%| F|  |TAMS 0x00000000ebb00000, 0x00000000ebb00000| Untracked 
| 188|0x00000000ebc00000, 0x00000000ebc00000, 0x00000000ebd00000|  0%| F|  |TAMS 0x00000000ebc00000, 0x00000000ebc00000| Untracked 
| 189|0x00000000ebd00000, 0x00000000ebd00000, 0x00000000ebe00000|  0%| F|  |TAMS 0x00000000ebd00000, 0x00000000ebd00000| Untracked 
| 190|0x00000000ebe00000, 0x00000000ebe00000, 0x00000000ebf00000|  0%| F|  |TAMS 0x00000000ebe00000, 0x00000000ebe00000| Untracked 
| 191|0x00000000ebf00000, 0x00000000ebf00000, 0x00000000ec000000|  0%| F|  |TAMS 0x00000000ebf00000, 0x00000000ebf00000| Untracked 
| 192|0x00000000ec000000, 0x00000000ec000000, 0x00000000ec100000|  0%| F|  |TAMS 0x00000000ec000000, 0x00000000ec000000| Untracked 
| 193|0x00000000ec100000, 0x00000000ec100000, 0x00000000ec200000|  0%| F|  |TAMS 0x00000000ec100000, 0x00000000ec100000| Untracked 
| 194|0x00000000ec200000, 0x00000000ec200000, 0x00000000ec300000|  0%| F|  |TAMS 0x00000000ec200000, 0x00000000ec200000| Untracked 
| 195|0x00000000ec300000, 0x00000000ec300000, 0x00000000ec400000|  0%| F|  |TAMS 0x00000000ec300000, 0x00000000ec300000| Untracked 
| 196|0x00000000ec400000, 0x00000000ec400000, 0x00000000ec500000|  0%| F|  |TAMS 0x00000000ec400000, 0x00000000ec400000| Untracked 
| 197|0x00000000ec500000, 0x00000000ec500000, 0x00000000ec600000|  0%| F|  |TAMS 0x00000000ec500000, 0x00000000ec500000| Untracked 
| 198|0x00000000ec600000, 0x00000000ec600000, 0x00000000ec700000|  0%| F|  |TAMS 0x00000000ec600000, 0x00000000ec600000| Untracked 
| 199|0x00000000ec700000, 0x00000000ec700000, 0x00000000ec800000|  0%| F|  |TAMS 0x00000000ec700000, 0x00000000ec700000| Untracked 
| 200|0x00000000ec800000, 0x00000000ec800000, 0x00000000ec900000|  0%| F|  |TAMS 0x00000000ec800000, 0x00000000ec800000| Untracked 
| 201|0x00000000ec900000, 0x00000000ec900000, 0x00000000eca00000|  0%| F|  |TAMS 0x00000000ec900000, 0x00000000ec900000| Untracked 
| 202|0x00000000eca00000, 0x00000000eca00000, 0x00000000ecb00000|  0%| F|  |TAMS 0x00000000eca00000, 0x00000000eca00000| Untracked 
| 203|0x00000000ecb00000, 0x00000000ecb00000, 0x00000000ecc00000|  0%| F|  |TAMS 0x00000000ecb00000, 0x00000000ecb00000| Untracked 
| 204|0x00000000ecc00000, 0x00000000ecc00000, 0x00000000ecd00000|  0%| F|  |TAMS 0x00000000ecc00000, 0x00000000ecc00000| Untracked 
| 205|0x00000000ecd00000, 0x00000000ecd00000, 0x00000000ece00000|  0%| F|  |TAMS 0x00000000ecd00000, 0x00000000ecd00000| Untracked 
| 206|0x00000000ece00000, 0x00000000ece00000, 0x00000000ecf00000|  0%| F|  |TAMS 0x00000000ece00000, 0x00000000ece00000| Untracked 
| 207|0x00000000ecf00000, 0x00000000ecf00000, 0x00000000ed000000|  0%| F|  |TAMS 0x00000000ecf00000, 0x00000000ecf00000| Untracked 
| 208|0x00000000ed000000, 0x00000000ed000000, 0x00000000ed100000|  0%| F|  |TAMS 0x00000000ed000000, 0x00000000ed000000| Untracked 
| 209|0x00000000ed100000, 0x00000000ed100000, 0x00000000ed200000|  0%| F|  |TAMS 0x00000000ed100000, 0x00000000ed100000| Untracked 
| 210|0x00000000ed200000, 0x00000000ed200000, 0x00000000ed300000|  0%| F|  |TAMS 0x00000000ed200000, 0x00000000ed200000| Untracked 
| 211|0x00000000ed300000, 0x00000000ed300000, 0x00000000ed400000|  0%| F|  |TAMS 0x00000000ed300000, 0x00000000ed300000| Untracked 
| 212|0x00000000ed400000, 0x00000000ed400000, 0x00000000ed500000|  0%| F|  |TAMS 0x00000000ed400000, 0x00000000ed400000| Untracked 
| 213|0x00000000ed500000, 0x00000000ed500000, 0x00000000ed600000|  0%| F|  |TAMS 0x00000000ed500000, 0x00000000ed500000| Untracked 
| 214|0x00000000ed600000, 0x00000000ed600000, 0x00000000ed700000|  0%| F|  |TAMS 0x00000000ed600000, 0x00000000ed600000| Untracked 
| 215|0x00000000ed700000, 0x00000000ed700000, 0x00000000ed800000|  0%| F|  |TAMS 0x00000000ed700000, 0x00000000ed700000| Untracked 
| 216|0x00000000ed800000, 0x00000000ed800000, 0x00000000ed900000|  0%| F|  |TAMS 0x00000000ed800000, 0x00000000ed800000| Untracked 
| 217|0x00000000ed900000, 0x00000000ed900000, 0x00000000eda00000|  0%| F|  |TAMS 0x00000000ed900000, 0x00000000ed900000| Untracked 
| 218|0x00000000eda00000, 0x00000000eda00000, 0x00000000edb00000|  0%| F|  |TAMS 0x00000000eda00000, 0x00000000eda00000| Untracked 
| 219|0x00000000edb00000, 0x00000000edb00000, 0x00000000edc00000|  0%| F|  |TAMS 0x00000000edb00000, 0x00000000edb00000| Untracked 
| 220|0x00000000edc00000, 0x00000000edc00000, 0x00000000edd00000|  0%| F|  |TAMS 0x00000000edc00000, 0x00000000edc00000| Untracked 
| 221|0x00000000edd00000, 0x00000000edd00000, 0x00000000ede00000|  0%| F|  |TAMS 0x00000000edd00000, 0x00000000edd00000| Untracked 
| 222|0x00000000ede00000, 0x00000000ede00000, 0x00000000edf00000|  0%| F|  |TAMS 0x00000000ede00000, 0x00000000ede00000| Untracked 
| 223|0x00000000edf00000, 0x00000000edf00000, 0x00000000ee000000|  0%| F|  |TAMS 0x00000000edf00000, 0x00000000edf00000| Untracked 
| 224|0x00000000ee000000, 0x00000000ee000000, 0x00000000ee100000|  0%| F|  |TAMS 0x00000000ee000000, 0x00000000ee000000| Untracked 
| 225|0x00000000ee100000, 0x00000000ee100000, 0x00000000ee200000|  0%| F|  |TAMS 0x00000000ee100000, 0x00000000ee100000| Untracked 
| 226|0x00000000ee200000, 0x00000000ee200000, 0x00000000ee300000|  0%| F|  |TAMS 0x00000000ee200000, 0x00000000ee200000| Untracked 
| 227|0x00000000ee300000, 0x00000000ee300000, 0x00000000ee400000|  0%| F|  |TAMS 0x00000000ee300000, 0x00000000ee300000| Untracked 
| 228|0x00000000ee400000, 0x00000000ee400000, 0x00000000ee500000|  0%| F|  |TAMS 0x00000000ee400000, 0x00000000ee400000| Untracked 
| 229|0x00000000ee500000, 0x00000000ee500000, 0x00000000ee600000|  0%| F|  |TAMS 0x00000000ee500000, 0x00000000ee500000| Untracked 
| 230|0x00000000ee600000, 0x00000000ee600000, 0x00000000ee700000|  0%| F|  |TAMS 0x00000000ee600000, 0x00000000ee600000| Untracked 
| 231|0x00000000ee700000, 0x00000000ee700000, 0x00000000ee800000|  0%| F|  |TAMS 0x00000000ee700000, 0x00000000ee700000| Untracked 
| 232|0x00000000ee800000, 0x00000000ee800000, 0x00000000ee900000|  0%| F|  |TAMS 0x00000000ee800000, 0x00000000ee800000| Untracked 
| 233|0x00000000ee900000, 0x00000000ee900000, 0x00000000eea00000|  0%| F|  |TAMS 0x00000000ee900000, 0x00000000ee900000| Untracked 
| 234|0x00000000eea00000, 0x00000000eea00000, 0x00000000eeb00000|  0%| F|  |TAMS 0x00000000eea00000, 0x00000000eea00000| Untracked 
| 235|0x00000000eeb00000, 0x00000000eeb00000, 0x00000000eec00000|  0%| F|  |TAMS 0x00000000eeb00000, 0x00000000eeb00000| Untracked 
| 236|0x00000000eec00000, 0x00000000eec00000, 0x00000000eed00000|  0%| F|  |TAMS 0x00000000eec00000, 0x00000000eec00000| Untracked 
| 237|0x00000000eed00000, 0x00000000eed00000, 0x00000000eee00000|  0%| F|  |TAMS 0x00000000eed00000, 0x00000000eed00000| Untracked 
| 238|0x00000000eee00000, 0x00000000eee00000, 0x00000000eef00000|  0%| F|  |TAMS 0x00000000eee00000, 0x00000000eee00000| Untracked 
| 239|0x00000000eef00000, 0x00000000eef00000, 0x00000000ef000000|  0%| F|  |TAMS 0x00000000eef00000, 0x00000000eef00000| Untracked 
| 240|0x00000000ef000000, 0x00000000ef000000, 0x00000000ef100000|  0%| F|  |TAMS 0x00000000ef000000, 0x00000000ef000000| Untracked 
| 241|0x00000000ef100000, 0x00000000ef1f6498, 0x00000000ef200000| 96%| E|  |TAMS 0x00000000ef100000, 0x00000000ef100000| Complete 
| 242|0x00000000ef200000, 0x00000000ef300000, 0x00000000ef300000|100%| E|CS|TAMS 0x00000000ef200000, 0x00000000ef200000| Complete 
| 243|0x00000000ef300000, 0x00000000ef400000, 0x00000000ef400000|100%| E|CS|TAMS 0x00000000ef300000, 0x00000000ef300000| Complete 
| 244|0x00000000ef400000, 0x00000000ef500000, 0x00000000ef500000|100%| E|CS|TAMS 0x00000000ef400000, 0x00000000ef400000| Complete 
| 245|0x00000000ef500000, 0x00000000ef600000, 0x00000000ef600000|100%| E|CS|TAMS 0x00000000ef500000, 0x00000000ef500000| Complete 
| 246|0x00000000ef600000, 0x00000000ef700000, 0x00000000ef700000|100%| E|CS|TAMS 0x00000000ef600000, 0x00000000ef600000| Complete 
| 247|0x00000000ef700000, 0x00000000ef800000, 0x00000000ef800000|100%| E|CS|TAMS 0x00000000ef700000, 0x00000000ef700000| Complete 
| 248|0x00000000ef800000, 0x00000000ef900000, 0x00000000ef900000|100%| E|CS|TAMS 0x00000000ef800000, 0x00000000ef800000| Complete 
| 249|0x00000000ef900000, 0x00000000efa00000, 0x00000000efa00000|100%| E|  |TAMS 0x00000000ef900000, 0x00000000ef900000| Complete 
| 250|0x00000000efa00000, 0x00000000efb00000, 0x00000000efb00000|100%| E|CS|TAMS 0x00000000efa00000, 0x00000000efa00000| Complete 
| 251|0x00000000efb00000, 0x00000000efc00000, 0x00000000efc00000|100%| E|CS|TAMS 0x00000000efb00000, 0x00000000efb00000| Complete 
| 252|0x00000000efc00000, 0x00000000efd00000, 0x00000000efd00000|100%| E|CS|TAMS 0x00000000efc00000, 0x00000000efc00000| Complete 
| 253|0x00000000efd00000, 0x00000000efe00000, 0x00000000efe00000|100%| E|CS|TAMS 0x00000000efd00000, 0x00000000efd00000| Complete 

Card table byte_map: [0x000001b6b26d0000,0x000001b6b27d0000] _byte_map_base: 0x000001b6b1fd0000

Marking Bits (Prev, Next): (CMBitMap*) 0x000001b698d76508, (CMBitMap*) 0x000001b698d76548
 Prev Bits: [0x000001b6b28d0000, 0x000001b6b30d0000)
 Next Bits: [0x000001b6b30d0000, 0x000001b6b38d0000)

Polling page: 0x000001b698e20000

Metaspace:

Usage:
  Non-class:      4.83 MB capacity,     2.69 MB ( 56%) used,     2.13 MB ( 44%) free+waste,     6.56 KB ( <1%) overhead. 
      Class:    644.00 KB capacity,   386.98 KB ( 60%) used,   252.95 KB ( 39%) free+waste,     4.06 KB ( <1%) overhead. 
       Both:      5.46 MB capacity,     3.07 MB ( 56%) used,     2.38 MB ( 44%) free+waste,    10.63 KB ( <1%) overhead. 

Virtual space:
  Non-class space:        8.00 MB reserved,       5.00 MB ( 63%) committed 
      Class space:        1.00 GB reserved,     768.00 KB ( <1%) committed 
             Both:        1.01 GB reserved,       5.75 MB ( <1%) committed 

Chunk freelists:
   Non-Class:  48.00 KB
       Class:  0 bytes
        Both:  48.00 KB

MaxMetaspaceSize: 17179869184.00 GB
CompressedClassSpaceSize: 1.00 GB

CodeHeap 'non-profiled nmethods': size=120000Kb used=233Kb max_used=233Kb free=119766Kb
 bounds [0x000001b6aa4f0000, 0x000001b6aa760000, 0x000001b6b1a20000]
CodeHeap 'profiled nmethods': size=120000Kb used=1343Kb max_used=1343Kb free=118656Kb
 bounds [0x000001b6a2fc0000, 0x000001b6a3230000, 0x000001b6aa4f0000]
CodeHeap 'non-nmethods': size=5760Kb used=1146Kb max_used=1173Kb free=4613Kb
 bounds [0x000001b6a2a20000, 0x000001b6a2c90000, 0x000001b6a2fc0000]
 total_blobs=1558 nmethods=721 adapters=300
 compilation: enabled
              stopped_count=0, restarted_count=0
 full_count=0

Compilation events (20 events):
Event: 0.360 Thread 0x000001b6b6c98800  712       4       jdk.internal.reflect.ByteVectorImpl::add (38 bytes)
Event: 0.360 Thread 0x000001b6b6c99800 nmethod 711 0x000001b6a3108f90 code [0x000001b6a3109320, 0x000001b6a310b2b0]
Event: 0.360 Thread 0x000001b6b6c99800  713       3       jdk.internal.reflect.ByteVectorImpl::getLength (7 bytes)
Event: 0.360 Thread 0x000001b6b6c99800 nmethod 713 0x000001b6a310bd90 code [0x000001b6a310bf20, 0x000001b6a310c098]
Event: 0.361 Thread 0x000001b6b6c98800 nmethod 712 0x000001b6aa529290 code [0x000001b6aa529420, 0x000001b6aa529528]
Event: 0.361 Thread 0x000001b6b6c99800  714       3       java.lang.String::<init> (10 bytes)
Event: 0.361 Thread 0x000001b6b6c99800 nmethod 714 0x000001b6a310c110 code [0x000001b6a310c2c0, 0x000001b6a310c490]
Event: 0.361 Thread 0x000001b6b6c99800  715       3       java.util.concurrent.ConcurrentHashMap::put (8 bytes)
Event: 0.362 Thread 0x000001b6b6c99800 nmethod 715 0x000001b6a310c590 code [0x000001b6a310c740, 0x000001b6a310c8f0]
Event: 0.362 Thread 0x000001b6b6c99800  716  s    3       java.util.jar.JarFile::getInputStream (72 bytes)
Event: 0.362 Thread 0x000001b6b704c000 nmethod 710 0x000001b6aa529610 code [0x000001b6aa5297c0, 0x000001b6aa529cb8]
Event: 0.362 Thread 0x000001b6b6c99800 nmethod 716 0x000001b6a310c990 code [0x000001b6a310cbc0, 0x000001b6a310d280]
Event: 0.363 Thread 0x000001b6b6c99800  717       3       java.lang.ClassLoader::addClass (9 bytes)
Event: 0.363 Thread 0x000001b6b6c99800 nmethod 717 0x000001b6a310d410 code [0x000001b6a310d600, 0x000001b6a310dd10]
Event: 0.363 Thread 0x000001b6b6c99800  718  s    3       java.util.Vector::addElement (24 bytes)
Event: 0.363 Thread 0x000001b6b6c99800 nmethod 718 0x000001b6a310e010 code [0x000001b6a310e1e0, 0x000001b6a310e850]
Event: 0.364 Thread 0x000001b6b6c99800  720       3       java.security.CodeSource::<init> (52 bytes)
Event: 0.364 Thread 0x000001b6b6c99800 nmethod 720 0x000001b6a310ea10 code [0x000001b6a310ec00, 0x000001b6a310f1c0]
Event: 0.364 Thread 0x000001b6b6c99800  721       3       java.security.SecureClassLoader::getProtectionDomain (38 bytes)
Event: 0.364 Thread 0x000001b6b6c99800 nmethod 721 0x000001b6a310f310 code [0x000001b6a310f500, 0x000001b6a310fc10]

GC Heap History (0 events):
No events

Deoptimization events (20 events):
Event: 0.205 Thread 0x000001b698d4d000 DEOPT PACKING pc=0x000001b6a3022832 sp=0x000000053ccf7190
Event: 0.205 Thread 0x000001b698d4d000 DEOPT UNPACKING pc=0x000001b6a2a6964e sp=0x000000053ccf65f8 mode 0
Event: 0.320 Thread 0x000001b698d4d000 DEOPT PACKING pc=0x000001b6a2ffd84a sp=0x000000053ccfd440
Event: 0.320 Thread 0x000001b698d4d000 DEOPT UNPACKING pc=0x000001b6a2a6964e sp=0x000000053ccfc910 mode 0
Event: 0.333 Thread 0x000001b698d4d000 Uncommon trap: trap_request=0xffffff45 fr.pc=0x000001b6aa4f1ebc relative=0x00000000000001fc
Event: 0.333 Thread 0x000001b698d4d000 Uncommon trap: reason=unstable_if action=reinterpret pc=0x000001b6aa4f1ebc method=java.lang.StringLatin1.canEncode(I)Z @ 4 c2
Event: 0.333 Thread 0x000001b698d4d000 DEOPT PACKING pc=0x000001b6aa4f1ebc sp=0x000000053ccfeb80
Event: 0.333 Thread 0x000001b698d4d000 DEOPT UNPACKING pc=0x000001b6a2a6912f sp=0x000000053ccfea98 mode 2
Event: 0.333 Thread 0x000001b698d4d000 Uncommon trap: trap_request=0xffffff45 fr.pc=0x000001b6aa4f3e8c relative=0x00000000000001cc
Event: 0.333 Thread 0x000001b698d4d000 Uncommon trap: reason=unstable_if action=reinterpret pc=0x000001b6aa4f3e8c method=java.lang.AbstractStringBuilder.isLatin1()Z @ 10 c2
Event: 0.333 Thread 0x000001b698d4d000 DEOPT PACKING pc=0x000001b6aa4f3e8c sp=0x000000053ccfeb30
Event: 0.333 Thread 0x000001b698d4d000 DEOPT UNPACKING pc=0x000001b6a2a6912f sp=0x000000053ccfeaa0 mode 2
Event: 0.333 Thread 0x000001b698d4d000 Uncommon trap: trap_request=0xffffff45 fr.pc=0x000001b6aa4f2388 relative=0x0000000000000068
Event: 0.333 Thread 0x000001b698d4d000 Uncommon trap: reason=unstable_if action=reinterpret pc=0x000001b6aa4f2388 method=java.lang.AbstractStringBuilder.isLatin1()Z @ 10 c2
Event: 0.333 Thread 0x000001b698d4d000 DEOPT PACKING pc=0x000001b6aa4f2388 sp=0x000000053ccfeb00
Event: 0.333 Thread 0x000001b698d4d000 DEOPT UNPACKING pc=0x000001b6a2a6912f sp=0x000000053ccfea90 mode 2
Event: 0.335 Thread 0x000001b698d4d000 Uncommon trap: trap_request=0xffffff45 fr.pc=0x000001b6aa500364 relative=0x0000000000000044
Event: 0.335 Thread 0x000001b698d4d000 Uncommon trap: reason=unstable_if action=reinterpret pc=0x000001b6aa500364 method=java.lang.CharacterData.of(I)Ljava/lang/CharacterData; @ 4 c2
Event: 0.335 Thread 0x000001b698d4d000 DEOPT PACKING pc=0x000001b6aa500364 sp=0x000000053ccfe320
Event: 0.335 Thread 0x000001b698d4d000 DEOPT UNPACKING pc=0x000001b6a2a6912f sp=0x000000053ccfe2c0 mode 2

Classes unloaded (0 events):
No events

Classes redefined (0 events):
No events

Internal exceptions (4 events):
Event: 0.301 Thread 0x000001b698d4d000 Exception <a 'java/lang/NoSuchMethodError'{0x00000000ef36ae38}: 'java.lang.Object java.lang.invoke.DirectMethodHandle$Holder.invokeVirtual(java.lang.Object, java.lang.Object, java.lang.Object, java.lang.Object, java.lang.Object, java.lang.Object)'> (0x00000000ef36ae38) 
thrown [t:/workspace/open/src/hotspot/share/interpreter/linkResolver.cpp, line 767]
Event: 0.357 Thread 0x000001b698d4d000 Exception <a 'java/lang/NoSuchMethodError'{0x00000000ef177ad8}: static Lorg/gradle/api/internal/tasks/testing/junitplatform/JUnitPlatformTestFramework$JUnitPlatformTestClassProcessorFactory;.<clinit>()V> (0x00000000ef177ad8) 
thrown [t:/workspace/open/src/hotspot/share/prims/jni.cpp, line 1347]
Event: 0.358 Thread 0x000001b698d4d000 Exception <a 'java/lang/NoSuchMethodError'{0x00000000ef180460}: static Lorg/gradle/api/internal/tasks/testing/junit/AbstractJUnitSpec;.<clinit>()V> (0x00000000ef180460) 
thrown [t:/workspace/open/src/hotspot/share/prims/jni.cpp, line 1347]
Event: 0.358 Thread 0x000001b698d4d000 Exception <a 'java/lang/NoSuchMethodError'{0x00000000ef188e78}: static Lorg/gradle/api/internal/tasks/testing/junitplatform/JUnitPlatformSpec;.<clinit>()V> (0x00000000ef188e78) 
thrown [t:/workspace/open/src/hotspot/share/prims/jni.cpp, line 1347]

Events (20 events):
Event: 0.364 loading class org/gradle/internal/classloader/CachingClassLoader
Event: 0.364 loading class org/gradle/internal/classloader/CachingClassLoader done
Event: 0.364 loading class org/gradle/internal/remote/internal/hub/MethodArgsSerializer
Event: 0.364 loading class org/gradle/internal/remote/internal/hub/MethodArgsSerializer done
Event: 0.364 loading class org/gradle/internal/serialize/StatefulSerializer
Event: 0.364 loading class org/gradle/internal/serialize/StatefulSerializer done
Event: 0.364 loading class java/nio/channels/SocketChannel
Event: 0.364 loading class java/nio/channels/NetworkChannel
Event: 0.364 loading class java/nio/channels/NetworkChannel done
Event: 0.364 loading class java/nio/channels/spi/AbstractSelectableChannel
Event: 0.364 loading class java/nio/channels/SelectableChannel
Event: 0.364 loading class java/nio/channels/SelectableChannel done
Event: 0.364 loading class java/nio/channels/spi/AbstractSelectableChannel done
Event: 0.364 loading class java/nio/channels/SocketChannel done
Event: 0.364 loading class java/nio/channels/spi/SelectorProvider
Event: 0.364 loading class java/nio/channels/spi/SelectorProvider done
Event: 0.364 loading class java/nio/channels/spi/SelectorProvider$1
Event: 0.365 loading class java/nio/channels/spi/SelectorProvider$1 done
Event: 0.365 loading class java/nio/channels/spi/SelectorProvider$1
Event: 0.365 loading class java/nio/channels/spi/SelectorProvider$1 done


Dynamic libraries:
0x00007ff70a930000 - 0x00007ff70a93f000 	C:\Program Files\Java\jdk-13.0.2\bin\java.exe
0x00007ffa31c70000 - 0x00007ffa31e65000 	C:\Windows\SYSTEM32\ntdll.dll
0x00007ffa2fee0000 - 0x00007ffa2ff9e000 	C:\Windows\System32\KERNEL32.DLL
0x00007ffa2f490000 - 0x00007ffa2f759000 	C:\Windows\System32\KERNELBASE.dll
0x00007ffa2f390000 - 0x00007ffa2f490000 	C:\Windows\System32\ucrtbase.dll
0x00007ffa22bf0000 - 0x00007ffa22c08000 	C:\Program Files\Java\jdk-13.0.2\bin\jli.dll
0x00007ffa1a360000 - 0x00007ffa1a375000 	C:\Program Files\Java\jdk-13.0.2\bin\VCRUNTIME140.dll
0x00007ffa30980000 - 0x00007ffa30a2c000 	C:\Windows\System32\ADVAPI32.dll
0x00007ffa30060000 - 0x00007ffa300fe000 	C:\Windows\System32\msvcrt.dll
0x00007ffa31b90000 - 0x00007ffa31c2b000 	C:\Windows\System32\sechost.dll
0x00007ffa318a0000 - 0x00007ffa319ca000 	C:\Windows\System32\RPCRT4.dll
0x00007ffa307d0000 - 0x00007ffa30971000 	C:\Windows\System32\USER32.dll
0x00007ffa2fb30000 - 0x00007ffa2fb52000 	C:\Windows\System32\win32u.dll
0x00007ffa142f0000 - 0x00007ffa1458a000 	C:\Windows\WinSxS\amd64_microsoft.windows.common-controls_6595b64144ccf1df_6.0.19041.1110_none_60b5254171f9507e\COMCTL32.dll
0x00007ffa30030000 - 0x00007ffa3005b000 	C:\Windows\System32\GDI32.dll
0x00007ffa2f760000 - 0x00007ffa2f86b000 	C:\Windows\System32\gdi32full.dll
0x00007ffa2f9e0000 - 0x00007ffa2fa7d000 	C:\Windows\System32\msvcp_win.dll
0x00007ffa240b0000 - 0x00007ffa240ba000 	C:\Windows\SYSTEM32\VERSION.dll
0x00007ffa301e0000 - 0x00007ffa30210000 	C:\Windows\System32\IMM32.DLL
0x00007ff9e1670000 - 0x00007ff9e170b000 	C:\Program Files\Java\jdk-13.0.2\bin\msvcp140.dll
0x00007ff9bc3f0000 - 0x00007ff9bcf4d000 	C:\Program Files\Java\jdk-13.0.2\bin\server\jvm.dll
0x00007ffa2fd20000 - 0x00007ffa2fd28000 	C:\Windows\System32\PSAPI.DLL
0x00007ffa09bb0000 - 0x00007ffa09bd7000 	C:\Windows\SYSTEM32\WINMM.dll
0x00007ff9efb90000 - 0x00007ff9efb99000 	C:\Windows\SYSTEM32\WSOCK32.dll
0x00007ffa31b00000 - 0x00007ffa31b6b000 	C:\Windows\System32\WS2_32.dll
0x00007ffa2dbd0000 - 0x00007ffa2dbe2000 	C:\Windows\SYSTEM32\kernel.appcore.dll
0x00007ffa1a6b0000 - 0x00007ffa1a6c0000 	C:\Program Files\Java\jdk-13.0.2\bin\verify.dll
0x00007ffa2a100000 - 0x00007ffa2a2e4000 	C:\Windows\SYSTEM32\DBGHELP.DLL
0x00007ff9f72b0000 - 0x00007ff9f72dc000 	C:\Windows\SYSTEM32\dbgcore.DLL
0x00007ffa2f870000 - 0x00007ffa2f8f3000 	C:\Windows\System32\bcryptPrimitives.dll
0x00007ffa1a330000 - 0x00007ffa1a356000 	C:\Program Files\Java\jdk-13.0.2\bin\java.dll
0x00007ffa0b4a0000 - 0x00007ffa0b4b7000 	C:\Program Files\Java\jdk-13.0.2\bin\zip.dll
0x00007ffa1a320000 - 0x00007ffa1a32a000 	C:\Program Files\Java\jdk-13.0.2\bin\jimage.dll
0x00007ffa30a30000 - 0x00007ffa3116f000 	C:\Windows\System32\SHELL32.dll
0x00007ffa2a2f0000 - 0x00007ffa2aa80000 	C:\Windows\SYSTEM32\windows.storage.dll
0x00007ffa31170000 - 0x00007ffa314c5000 	C:\Windows\System32\combase.dll
0x00007ffa2ec30000 - 0x00007ffa2ec5c000 	C:\Windows\SYSTEM32\Wldp.dll
0x00007ffa31600000 - 0x00007ffa316ae000 	C:\Windows\System32\SHCORE.dll
0x00007ffa316b0000 - 0x00007ffa31705000 	C:\Windows\System32\shlwapi.dll
0x00007ffa2f2d0000 - 0x00007ffa2f2ef000 	C:\Windows\SYSTEM32\profapi.dll
0x00007ff9e6e70000 - 0x00007ff9e6e89000 	C:\Program Files\Java\jdk-13.0.2\bin\net.dll
0x00007ffa25ef0000 - 0x00007ffa25ff8000 	C:\Windows\SYSTEM32\WINHTTP.dll
0x00007ffa2ea10000 - 0x00007ffa2ea7a000 	C:\Windows\system32\mswsock.dll
0x00007ff9e68a0000 - 0x00007ff9e68b3000 	C:\Program Files\Java\jdk-13.0.2\bin\nio.dll

dbghelp: loaded successfully - version: 4.0.5 - missing functions: none
symbol engine: initialized successfully - sym options: 0x614 - pdb path: .;C:\Program Files\Java\jdk-13.0.2\bin;C:\Windows\SYSTEM32;C:\Windows\WinSxS\amd64_microsoft.windows.common-controls_6595b64144ccf1df_6.0.19041.1110_none_60b5254171f9507e;C:\Program Files\Java\jdk-13.0.2\bin\server

VM Arguments:
jvm_args: -Dorg.gradle.native=false -Xmx512m -Dfile.encoding=windows-1252 -Duser.country=CA -Duser.language=en -Duser.variant -ea 
java_command: worker.org.gradle.process.internal.worker.GradleWorkerMain 'Gradle Test Executor 2'
java_class_path (initial): C:\\Users\\Adam\\.gradle\\caches\\6.9\\workerMain\\gradle-worker.jar;C:\\PetClinicProject\\champlain_petclinic\\api-gateway\\build\\classes\\java\\test;C:\\PetClinicProject\\champlain_petclinic\\api-gateway\\build\\resources\\test;C:\\PetClinicProject\\champlain_petclinic\\api-gateway\\build\\classes\\java\\main;C:\\PetClinicProject\\champlain_petclinic\\api-gateway\\build\\resources\\main;C:\\Users\\Adam\\.gradle\\caches\\modules-2\\files-2.1\\org.springframework.boot\\spring-boot-starter-actuator\\2.3.2.RELEASE\\409a5067acedbd59f00dce3ea2e7fccf4eeadf40\\spring-boot-starter-actuator-2.3.2.RELEASE.jar;C:\\Users\\Adam\\.gradle\\caches\\modules-2\\files-2.1\\org.springframework.boot\\spring-boot-starter-webflux\\2.3.2.RELEASE\\b8f90560cd8e436f916307e9ca5d8c62e9c6df39\\spring-boot-starter-webflux-2.3.2.RELEASE.jar;C:\\Users\\Adam\\.gradle\\caches\\modules-2\\files-2.1\\org.webjars\\bootstrap\\5.1.0\\d0e8ee8b9a679a8c36f88c3957f64012469678db\\bootstrap-5.1.0.jar;C:\\Users\\Adam\\.gradle\\caches\\modules-2\\files-2.1\\org.webjars\\jquery\\3.6.0\\633447ad320c04c69fb621d08ba2268f50822eee\\jquery-3.6.0.jar;C:\\Users\\Adam\\.gradle\\caches\\modules-2\\files-2.1\\org.webjars\\angularjs\\2.0.0-alpha.22\\da6f84cc862d525e82a97cca3215a808ea9fb302\\angularjs-2.0.0-alpha.22.jar;C:\\Users\\Adam\\.gradle\\caches\\modules-2\\files-2.1\\org.webjars.bower\\angular-ui-router\\1.0.28\\1e801df84a9dffa0cc44f00ec1f0288e6bcc6e6f\\angular-ui-router-1.0.28.jar;C:\\Users\\Adam\\.gradle\\caches\\modules-2\\files-2.1\\org.webjars\\webjars-locator-core\\0.47\\465103e37863e088fcaa78f6d0031f06f54d54f2\\webjars-locator-core-0.47.jar;C:\\Users\\Adam\\.gradle\\caches\\modules-2\\files-2.1\\ro.isdc.wro4j\\wro4j-core\\1.10.1\\f0df48a90f1b7b14a181c2d094c10f001d96a304\\wro4j-core-1.10.1.jar;C:\\Users\\Adam\\.gradle\\caches\\modules-2\\files-2.1\\com.github.houbie\\lesscss-gradle-plugin\\1.0.3-less-1.7.0\\6945f01b8b0922bcc5196d81070bc43b5f9166f1\\lesscss-gradle-plugin-1.0.3-less-1
Launcher Type: SUN_STANDARD

[Global flags]
     intx CICompilerCount                          = 4                                         {product} {ergonomic}
     uint ConcGCThreads                            = 2                                         {product} {ergonomic}
     uint G1ConcRefinementThreads                  = 8                                         {product} {ergonomic}
   size_t G1HeapRegionSize                         = 1048576                                   {product} {ergonomic}
    uintx GCDrainStackTargetSize                   = 64                                        {product} {ergonomic}
   size_t InitialHeapSize                          = 266338304                                 {product} {ergonomic}
   size_t MarkStackSize                            = 4194304                                   {product} {ergonomic}
   size_t MaxHeapSize                              = 536870912                                 {product} {command line}
   size_t MaxNewSize                               = 321912832                                 {product} {ergonomic}
   size_t MinHeapDeltaBytes                        = 1048576                                   {product} {ergonomic}
   size_t MinHeapSize                              = 8388608                                   {product} {ergonomic}
    uintx NonNMethodCodeHeapSize                   = 5839372                                {pd product} {ergonomic}
    uintx NonProfiledCodeHeapSize                  = 122909434                              {pd product} {ergonomic}
    uintx ProfiledCodeHeapSize                     = 122909434                              {pd product} {ergonomic}
    uintx ReservedCodeCacheSize                    = 251658240                              {pd product} {ergonomic}
     bool SegmentedCodeCache                       = true                                      {product} {ergonomic}
   size_t SoftMaxHeapSize                          = 536870912                              {manageable} {ergonomic}
     bool UseCompressedClassPointers               = true                                 {lp64_product} {ergonomic}
     bool UseCompressedOops                        = true                                 {lp64_product} {ergonomic}
     bool UseG1GC                                  = true                                      {product} {ergonomic}
     bool UseLargePagesIndividualAllocation        = false                                  {pd product} {ergonomic}

Logging:
Log output configuration:
 #0: stdout all=warning uptime,level,tags
 #1: stderr all=off uptime,level,tags

Environment Variables:
JAVA_HOME=C:\Program Files\Java\jdk-13.0.2
PATH=C:\Users\Adam\bin;C:\Program Files\Git\mingw64\bin;C:\Program Files\Git\usr\local\bin;C:\Program Files\Git\usr\bin;C:\Program Files\Git\usr\bin;C:\Program Files\Git\mingw64\bin;C:\Program Files\Git\usr\bin;C:\Users\Adam\bin;C:\Program Files\Common Files\Oracle\Java\javapath;C:\Windows\system32;C:\Windows;C:\Windows\System32\Wbem;C:\Windows\System32\WindowsPowerShell\v1.0;C:\Windows\System32\OpenSSH;C:\Program Files\dotnet;C:\Program Files\Microsoft SQL Server\Client SDK\ODBC\170\Tools\Binn;C:\Program Files (x86)\Microsoft SQL Server\150\Tools\Binn;C:\Program Files\Microsoft SQL Server\150\Tools\Binn;C:\Program Files\Microsoft SQL Server\150\DTS\Binn;C:\Program Files\Azure Data Studio\bin;C:\Program Files\Git\cmd;C:\Program Files (x86)\Microsoft SQL Server\150\DTS\Binn;C:\Gradle\gradle-6.1.1\bin;C:\Program Files\Java\jdk-13.0.2;C:\Program Files\Java\jdk-11.0.12;C:\jq;C:\Program Files\PuTTY;C:\Program Files\Docker\Docker\resources\bin;C:\ProgramData\DockerDesktop\version-bin;C:\Program Files\nodejs;C:\Program Files (x86)\dotnet;C:\Program Files\Microsoft SQL Server\130\Tools\Binn;C:\Users\Adam\AppData\Local\Microsoft\WindowsApps;C:\Users\Adam\.dotnet\tools;C:\Program Files\Azure Data Studio\bin;C:\Users\Adam\AppData\Local\atom\bin;C:\Users\Adam\AppData\Local\GitHubDesktop\bin;C:\jq;C:\Users\Adam\AppData\Roaming\npm;C:\Users\Adam\.dotnet\tools;C:\Program Files\Git\usr\bin\vendor_perl;C:\Program Files\Git\usr\bin\core_perl
USERNAME=Adam
SHELL=C:\Program Files\Git\usr\bin\bash.exe
DISPLAY=needs-to-be-defined
OS=Windows_NT
PROCESSOR_IDENTIFIER=Intel64 Family 6 Model 142 Stepping 12, GenuineIntel



---------------  S Y S T E M  ---------------

OS: Windows 10 , 64 bit Build 19041 (10.0.19041.1202)
HyperV virtualization detected

CPU:total 8 (initial active 8) (4 cores per cpu, 2 threads per core) family 6 model 142 stepping 12, cmov, cx8, fxsr, mmx, sse, sse2, sse3, ssse3, sse4.1, sse4.2, popcnt, avx, avx2, aes, clmul, erms, 3dnowpref, lzcnt, ht, tsc, tscinvbit, bmi1, bmi2, adx, fma

Memory: 4k page, system-wide physical 16198M (2952M free)
TotalPageFile size 24134M (AvailPageFile size 8374M)
current process WorkingSet (physical memory assigned to process): 57M, peak: 57M
current process commit charge ("private bytes"): 355M, peak: 355M

vm_info: Java HotSpot(TM) 64-Bit Server VM (13.0.2+8) for windows-amd64 JRE (13.0.2+8), built on Dec 11 2019 09:20:33 by "mach5one" with unknown MS VC++:1916

END.
